CY=0 AC=0 00 --> 00 CY=0 AC=0 
CY=1 AC=0 00 --> 00 CY=0 AC=0 
CY=0 AC=1 00 --> 00 CY=0 AC=0 
CY=1 AC=1 00 --> 00 CY=0 AC=0 
CY=0 AC=0 01 --> 01 CY=0 AC=0 
CY=1 AC=0 01 --> 01 CY=0 AC=0 
CY=0 AC=1 01 --> 01 CY=0 AC=0 
CY=1 AC=1 01 --> 01 CY=0 AC=0 
CY=0 AC=0 02 --> 02 CY=0 AC=0 
CY=1 AC=0 02 --> 02 CY=0 AC=0 
CY=0 AC=1 02 --> 02 CY=0 AC=0 
CY=1 AC=1 02 --> 02 CY=0 AC=0 
CY=0 AC=0 03 --> 03 CY=0 AC=0 
CY=1 AC=0 03 --> 03 CY=0 AC=0 
CY=0 AC=1 03 --> 03 CY=0 AC=0 
CY=1 AC=1 03 --> 03 CY=0 AC=0 
CY=0 AC=0 04 --> 04 CY=0 AC=0 
CY=1 AC=0 04 --> 04 CY=0 AC=0 
CY=0 AC=1 04 --> 04 CY=0 AC=0 
CY=1 AC=1 04 --> 04 CY=0 AC=0 
CY=0 AC=0 05 --> 05 CY=0 AC=0 
CY=1 AC=0 05 --> 05 CY=0 AC=0 
CY=0 AC=1 05 --> 05 CY=0 AC=0 
CY=1 AC=1 05 --> 05 CY=0 AC=0 
CY=0 AC=0 06 --> 06 CY=0 AC=0 
CY=1 AC=0 06 --> 06 CY=0 AC=0 
CY=0 AC=1 06 --> 06 CY=0 AC=0 
CY=1 AC=1 06 --> 06 CY=0 AC=0 
CY=0 AC=0 07 --> 07 CY=0 AC=0 
CY=1 AC=0 07 --> 07 CY=0 AC=0 
CY=0 AC=1 07 --> 07 CY=0 AC=0 
CY=1 AC=1 07 --> 07 CY=0 AC=0 
CY=0 AC=0 08 --> 08 CY=0 AC=0 
CY=1 AC=0 08 --> 08 CY=0 AC=0 
CY=0 AC=1 08 --> 08 CY=0 AC=0 
CY=1 AC=1 08 --> 08 CY=0 AC=0 
CY=0 AC=0 09 --> 09 CY=0 AC=0 
CY=1 AC=0 09 --> 09 CY=0 AC=0 
CY=0 AC=1 09 --> 09 CY=0 AC=0 
CY=1 AC=1 09 --> 09 CY=0 AC=0 
CY=0 AC=0 0A --> 10 CY=0 AC=1 
CY=1 AC=0 0A --> 10 CY=0 AC=1 
CY=0 AC=1 0A --> 10 CY=0 AC=1 
CY=1 AC=1 0A --> 10 CY=0 AC=1 
CY=0 AC=0 0B --> 11 CY=0 AC=1 
CY=1 AC=0 0B --> 11 CY=0 AC=1 
CY=0 AC=1 0B --> 11 CY=0 AC=1 
CY=1 AC=1 0B --> 11 CY=0 AC=1 
CY=0 AC=0 0C --> 12 CY=0 AC=1 
CY=1 AC=0 0C --> 12 CY=0 AC=1 
CY=0 AC=1 0C --> 12 CY=0 AC=1 
CY=1 AC=1 0C --> 12 CY=0 AC=1 
CY=0 AC=0 0D --> 13 CY=0 AC=1 
CY=1 AC=0 0D --> 13 CY=0 AC=1 
CY=0 AC=1 0D --> 13 CY=0 AC=1 
CY=1 AC=1 0D --> 13 CY=0 AC=1 
CY=0 AC=0 0E --> 14 CY=0 AC=1 
CY=1 AC=0 0E --> 14 CY=0 AC=1 
CY=0 AC=1 0E --> 14 CY=0 AC=1 
CY=1 AC=1 0E --> 14 CY=0 AC=1 
CY=0 AC=0 0F --> 15 CY=0 AC=1 
CY=1 AC=0 0F --> 15 CY=0 AC=1 
CY=0 AC=1 0F --> 15 CY=0 AC=1 
CY=1 AC=1 0F --> 15 CY=0 AC=1 
CY=0 AC=0 10 --> 10 CY=0 AC=0 
CY=1 AC=0 10 --> 10 CY=0 AC=0 
CY=0 AC=1 10 --> 10 CY=0 AC=0 
CY=1 AC=1 10 --> 10 CY=0 AC=0 
CY=0 AC=0 11 --> 11 CY=0 AC=0 
CY=1 AC=0 11 --> 11 CY=0 AC=0 
CY=0 AC=1 11 --> 11 CY=0 AC=0 
CY=1 AC=1 11 --> 11 CY=0 AC=0 
CY=0 AC=0 12 --> 12 CY=0 AC=0 
CY=1 AC=0 12 --> 12 CY=0 AC=0 
CY=0 AC=1 12 --> 12 CY=0 AC=0 
CY=1 AC=1 12 --> 12 CY=0 AC=0 
CY=0 AC=0 13 --> 13 CY=0 AC=0 
CY=1 AC=0 13 --> 13 CY=0 AC=0 
CY=0 AC=1 13 --> 13 CY=0 AC=0 
CY=1 AC=1 13 --> 13 CY=0 AC=0 
CY=0 AC=0 14 --> 14 CY=0 AC=0 
CY=1 AC=0 14 --> 14 CY=0 AC=0 
CY=0 AC=1 14 --> 14 CY=0 AC=0 
CY=1 AC=1 14 --> 14 CY=0 AC=0 
CY=0 AC=0 15 --> 15 CY=0 AC=0 
CY=1 AC=0 15 --> 15 CY=0 AC=0 
CY=0 AC=1 15 --> 15 CY=0 AC=0 
CY=1 AC=1 15 --> 15 CY=0 AC=0 
CY=0 AC=0 16 --> 16 CY=0 AC=0 
CY=1 AC=0 16 --> 16 CY=0 AC=0 
CY=0 AC=1 16 --> 16 CY=0 AC=0 
CY=1 AC=1 16 --> 16 CY=0 AC=0 
CY=0 AC=0 17 --> 17 CY=0 AC=0 
CY=1 AC=0 17 --> 17 CY=0 AC=0 
CY=0 AC=1 17 --> 17 CY=0 AC=0 
CY=1 AC=1 17 --> 17 CY=0 AC=0 
CY=0 AC=0 18 --> 18 CY=0 AC=0 
CY=1 AC=0 18 --> 18 CY=0 AC=0 
CY=0 AC=1 18 --> 18 CY=0 AC=0 
CY=1 AC=1 18 --> 18 CY=0 AC=0 
CY=0 AC=0 19 --> 19 CY=0 AC=0 
CY=1 AC=0 19 --> 19 CY=0 AC=0 
CY=0 AC=1 19 --> 19 CY=0 AC=0 
CY=1 AC=1 19 --> 19 CY=0 AC=0 
CY=0 AC=0 1A --> 20 CY=0 AC=1 
CY=1 AC=0 1A --> 20 CY=0 AC=1 
CY=0 AC=1 1A --> 20 CY=0 AC=1 
CY=1 AC=1 1A --> 20 CY=0 AC=1 
CY=0 AC=0 1B --> 21 CY=0 AC=1 
CY=1 AC=0 1B --> 21 CY=0 AC=1 
CY=0 AC=1 1B --> 21 CY=0 AC=1 
CY=1 AC=1 1B --> 21 CY=0 AC=1 
CY=0 AC=0 1C --> 22 CY=0 AC=1 
CY=1 AC=0 1C --> 22 CY=0 AC=1 
CY=0 AC=1 1C --> 22 CY=0 AC=1 
CY=1 AC=1 1C --> 22 CY=0 AC=1 
CY=0 AC=0 1D --> 23 CY=0 AC=1 
CY=1 AC=0 1D --> 23 CY=0 AC=1 
CY=0 AC=1 1D --> 23 CY=0 AC=1 
CY=1 AC=1 1D --> 23 CY=0 AC=1 
CY=0 AC=0 1E --> 24 CY=0 AC=1 
CY=1 AC=0 1E --> 24 CY=0 AC=1 
CY=0 AC=1 1E --> 24 CY=0 AC=1 
CY=1 AC=1 1E --> 24 CY=0 AC=1 
CY=0 AC=0 1F --> 25 CY=0 AC=1 
CY=1 AC=0 1F --> 25 CY=0 AC=1 
CY=0 AC=1 1F --> 25 CY=0 AC=1 
CY=1 AC=1 1F --> 25 CY=0 AC=1 
CY=0 AC=0 20 --> 20 CY=0 AC=0 
CY=1 AC=0 20 --> 20 CY=0 AC=0 
CY=0 AC=1 20 --> 20 CY=0 AC=0 
CY=1 AC=1 20 --> 20 CY=0 AC=0 
CY=0 AC=0 21 --> 21 CY=0 AC=0 
CY=1 AC=0 21 --> 21 CY=0 AC=0 
CY=0 AC=1 21 --> 21 CY=0 AC=0 
CY=1 AC=1 21 --> 21 CY=0 AC=0 
CY=0 AC=0 22 --> 22 CY=0 AC=0 
CY=1 AC=0 22 --> 22 CY=0 AC=0 
CY=0 AC=1 22 --> 22 CY=0 AC=0 
CY=1 AC=1 22 --> 22 CY=0 AC=0 
CY=0 AC=0 23 --> 23 CY=0 AC=0 
CY=1 AC=0 23 --> 23 CY=0 AC=0 
CY=0 AC=1 23 --> 23 CY=0 AC=0 
CY=1 AC=1 23 --> 23 CY=0 AC=0 
CY=0 AC=0 24 --> 24 CY=0 AC=0 
CY=1 AC=0 24 --> 24 CY=0 AC=0 
CY=0 AC=1 24 --> 24 CY=0 AC=0 
CY=1 AC=1 24 --> 24 CY=0 AC=0 
CY=0 AC=0 25 --> 25 CY=0 AC=0 
CY=1 AC=0 25 --> 25 CY=0 AC=0 
CY=0 AC=1 25 --> 25 CY=0 AC=0 
CY=1 AC=1 25 --> 25 CY=0 AC=0 
CY=0 AC=0 26 --> 26 CY=0 AC=0 
CY=1 AC=0 26 --> 26 CY=0 AC=0 
CY=0 AC=1 26 --> 26 CY=0 AC=0 
CY=1 AC=1 26 --> 26 CY=0 AC=0 
CY=0 AC=0 27 --> 27 CY=0 AC=0 
CY=1 AC=0 27 --> 27 CY=0 AC=0 
CY=0 AC=1 27 --> 27 CY=0 AC=0 
CY=1 AC=1 27 --> 27 CY=0 AC=0 
CY=0 AC=0 28 --> 28 CY=0 AC=0 
CY=1 AC=0 28 --> 28 CY=0 AC=0 
CY=0 AC=1 28 --> 28 CY=0 AC=0 
CY=1 AC=1 28 --> 28 CY=0 AC=0 
CY=0 AC=0 29 --> 29 CY=0 AC=0 
CY=1 AC=0 29 --> 29 CY=0 AC=0 
CY=0 AC=1 29 --> 29 CY=0 AC=0 
CY=1 AC=1 29 --> 29 CY=0 AC=0 
CY=0 AC=0 2A --> 30 CY=0 AC=1 
CY=1 AC=0 2A --> 30 CY=0 AC=1 
CY=0 AC=1 2A --> 30 CY=0 AC=1 
CY=1 AC=1 2A --> 30 CY=0 AC=1 
CY=0 AC=0 2B --> 31 CY=0 AC=1 
CY=1 AC=0 2B --> 31 CY=0 AC=1 
CY=0 AC=1 2B --> 31 CY=0 AC=1 
CY=1 AC=1 2B --> 31 CY=0 AC=1 
CY=0 AC=0 2C --> 32 CY=0 AC=1 
CY=1 AC=0 2C --> 32 CY=0 AC=1 
CY=0 AC=1 2C --> 32 CY=0 AC=1 
CY=1 AC=1 2C --> 32 CY=0 AC=1 
CY=0 AC=0 2D --> 33 CY=0 AC=1 
CY=1 AC=0 2D --> 33 CY=0 AC=1 
CY=0 AC=1 2D --> 33 CY=0 AC=1 
CY=1 AC=1 2D --> 33 CY=0 AC=1 
CY=0 AC=0 2E --> 34 CY=0 AC=1 
CY=1 AC=0 2E --> 34 CY=0 AC=1 
CY=0 AC=1 2E --> 34 CY=0 AC=1 
CY=1 AC=1 2E --> 34 CY=0 AC=1 
CY=0 AC=0 2F --> 35 CY=0 AC=1 
CY=1 AC=0 2F --> 35 CY=0 AC=1 
CY=0 AC=1 2F --> 35 CY=0 AC=1 
CY=1 AC=1 2F --> 35 CY=0 AC=1 
CY=0 AC=0 30 --> 30 CY=0 AC=0 
CY=1 AC=0 30 --> 30 CY=0 AC=0 
CY=0 AC=1 30 --> 30 CY=0 AC=0 
CY=1 AC=1 30 --> 30 CY=0 AC=0 
CY=0 AC=0 31 --> 31 CY=0 AC=0 
CY=1 AC=0 31 --> 31 CY=0 AC=0 
CY=0 AC=1 31 --> 31 CY=0 AC=0 
CY=1 AC=1 31 --> 31 CY=0 AC=0 
CY=0 AC=0 32 --> 32 CY=0 AC=0 
CY=1 AC=0 32 --> 32 CY=0 AC=0 
CY=0 AC=1 32 --> 32 CY=0 AC=0 
CY=1 AC=1 32 --> 32 CY=0 AC=0 
CY=0 AC=0 33 --> 33 CY=0 AC=0 
CY=1 AC=0 33 --> 33 CY=0 AC=0 
CY=0 AC=1 33 --> 33 CY=0 AC=0 
CY=1 AC=1 33 --> 33 CY=0 AC=0 
CY=0 AC=0 34 --> 34 CY=0 AC=0 
CY=1 AC=0 34 --> 34 CY=0 AC=0 
CY=0 AC=1 34 --> 34 CY=0 AC=0 
CY=1 AC=1 34 --> 34 CY=0 AC=0 
CY=0 AC=0 35 --> 35 CY=0 AC=0 
CY=1 AC=0 35 --> 35 CY=0 AC=0 
CY=0 AC=1 35 --> 35 CY=0 AC=0 
CY=1 AC=1 35 --> 35 CY=0 AC=0 
CY=0 AC=0 36 --> 36 CY=0 AC=0 
CY=1 AC=0 36 --> 36 CY=0 AC=0 
CY=0 AC=1 36 --> 36 CY=0 AC=0 
CY=1 AC=1 36 --> 36 CY=0 AC=0 
CY=0 AC=0 37 --> 37 CY=0 AC=0 
CY=1 AC=0 37 --> 37 CY=0 AC=0 
CY=0 AC=1 37 --> 37 CY=0 AC=0 
CY=1 AC=1 37 --> 37 CY=0 AC=0 
CY=0 AC=0 38 --> 38 CY=0 AC=0 
CY=1 AC=0 38 --> 38 CY=0 AC=0 
CY=0 AC=1 38 --> 38 CY=0 AC=0 
CY=1 AC=1 38 --> 38 CY=0 AC=0 
CY=0 AC=0 39 --> 39 CY=0 AC=0 
CY=1 AC=0 39 --> 39 CY=0 AC=0 
CY=0 AC=1 39 --> 39 CY=0 AC=0 
CY=1 AC=1 39 --> 39 CY=0 AC=0 
CY=0 AC=0 3A --> 40 CY=0 AC=1 
CY=1 AC=0 3A --> 40 CY=0 AC=1 
CY=0 AC=1 3A --> 40 CY=0 AC=1 
CY=1 AC=1 3A --> 40 CY=0 AC=1 
CY=0 AC=0 3B --> 41 CY=0 AC=1 
CY=1 AC=0 3B --> 41 CY=0 AC=1 
CY=0 AC=1 3B --> 41 CY=0 AC=1 
CY=1 AC=1 3B --> 41 CY=0 AC=1 
CY=0 AC=0 3C --> 42 CY=0 AC=1 
CY=1 AC=0 3C --> 42 CY=0 AC=1 
CY=0 AC=1 3C --> 42 CY=0 AC=1 
CY=1 AC=1 3C --> 42 CY=0 AC=1 
CY=0 AC=0 3D --> 43 CY=0 AC=1 
CY=1 AC=0 3D --> 43 CY=0 AC=1 
CY=0 AC=1 3D --> 43 CY=0 AC=1 
CY=1 AC=1 3D --> 43 CY=0 AC=1 
CY=0 AC=0 3E --> 44 CY=0 AC=1 
CY=1 AC=0 3E --> 44 CY=0 AC=1 
CY=0 AC=1 3E --> 44 CY=0 AC=1 
CY=1 AC=1 3E --> 44 CY=0 AC=1 
CY=0 AC=0 3F --> 45 CY=0 AC=1 
CY=1 AC=0 3F --> 45 CY=0 AC=1 
CY=0 AC=1 3F --> 45 CY=0 AC=1 
CY=1 AC=1 3F --> 45 CY=0 AC=1 
CY=0 AC=0 40 --> 40 CY=0 AC=0 
CY=1 AC=0 40 --> 40 CY=0 AC=0 
CY=0 AC=1 40 --> 40 CY=0 AC=0 
CY=1 AC=1 40 --> 40 CY=0 AC=0 
CY=0 AC=0 41 --> 41 CY=0 AC=0 
CY=1 AC=0 41 --> 41 CY=0 AC=0 
CY=0 AC=1 41 --> 41 CY=0 AC=0 
CY=1 AC=1 41 --> 41 CY=0 AC=0 
CY=0 AC=0 42 --> 42 CY=0 AC=0 
CY=1 AC=0 42 --> 42 CY=0 AC=0 
CY=0 AC=1 42 --> 42 CY=0 AC=0 
CY=1 AC=1 42 --> 42 CY=0 AC=0 
CY=0 AC=0 43 --> 43 CY=0 AC=0 
CY=1 AC=0 43 --> 43 CY=0 AC=0 
CY=0 AC=1 43 --> 43 CY=0 AC=0 
CY=1 AC=1 43 --> 43 CY=0 AC=0 
CY=0 AC=0 44 --> 44 CY=0 AC=0 
CY=1 AC=0 44 --> 44 CY=0 AC=0 
CY=0 AC=1 44 --> 44 CY=0 AC=0 
CY=1 AC=1 44 --> 44 CY=0 AC=0 
CY=0 AC=0 45 --> 45 CY=0 AC=0 
CY=1 AC=0 45 --> 45 CY=0 AC=0 
CY=0 AC=1 45 --> 45 CY=0 AC=0 
CY=1 AC=1 45 --> 45 CY=0 AC=0 
CY=0 AC=0 46 --> 46 CY=0 AC=0 
CY=1 AC=0 46 --> 46 CY=0 AC=0 
CY=0 AC=1 46 --> 46 CY=0 AC=0 
CY=1 AC=1 46 --> 46 CY=0 AC=0 
CY=0 AC=0 47 --> 47 CY=0 AC=0 
CY=1 AC=0 47 --> 47 CY=0 AC=0 
CY=0 AC=1 47 --> 47 CY=0 AC=0 
CY=1 AC=1 47 --> 47 CY=0 AC=0 
CY=0 AC=0 48 --> 48 CY=0 AC=0 
CY=1 AC=0 48 --> 48 CY=0 AC=0 
CY=0 AC=1 48 --> 48 CY=0 AC=0 
CY=1 AC=1 48 --> 48 CY=0 AC=0 
CY=0 AC=0 49 --> 49 CY=0 AC=0 
CY=1 AC=0 49 --> 49 CY=0 AC=0 
CY=0 AC=1 49 --> 49 CY=0 AC=0 
CY=1 AC=1 49 --> 49 CY=0 AC=0 
CY=0 AC=0 4A --> 50 CY=0 AC=1 
CY=1 AC=0 4A --> 50 CY=0 AC=1 
CY=0 AC=1 4A --> 50 CY=0 AC=1 
CY=1 AC=1 4A --> 50 CY=0 AC=1 
CY=0 AC=0 4B --> 51 CY=0 AC=1 
CY=1 AC=0 4B --> 51 CY=0 AC=1 
CY=0 AC=1 4B --> 51 CY=0 AC=1 
CY=1 AC=1 4B --> 51 CY=0 AC=1 
CY=0 AC=0 4C --> 52 CY=0 AC=1 
CY=1 AC=0 4C --> 52 CY=0 AC=1 
CY=0 AC=1 4C --> 52 CY=0 AC=1 
CY=1 AC=1 4C --> 52 CY=0 AC=1 
CY=0 AC=0 4D --> 53 CY=0 AC=1 
CY=1 AC=0 4D --> 53 CY=0 AC=1 
CY=0 AC=1 4D --> 53 CY=0 AC=1 
CY=1 AC=1 4D --> 53 CY=0 AC=1 
CY=0 AC=0 4E --> 54 CY=0 AC=1 
CY=1 AC=0 4E --> 54 CY=0 AC=1 
CY=0 AC=1 4E --> 54 CY=0 AC=1 
CY=1 AC=1 4E --> 54 CY=0 AC=1 
CY=0 AC=0 4F --> 55 CY=0 AC=1 
CY=1 AC=0 4F --> 55 CY=0 AC=1 
CY=0 AC=1 4F --> 55 CY=0 AC=1 
CY=1 AC=1 4F --> 55 CY=0 AC=1 
CY=0 AC=0 50 --> 50 CY=0 AC=0 
CY=1 AC=0 50 --> 50 CY=0 AC=0 
CY=0 AC=1 50 --> 50 CY=0 AC=0 
CY=1 AC=1 50 --> 50 CY=0 AC=0 
CY=0 AC=0 51 --> 51 CY=0 AC=0 
CY=1 AC=0 51 --> 51 CY=0 AC=0 
CY=0 AC=1 51 --> 51 CY=0 AC=0 
CY=1 AC=1 51 --> 51 CY=0 AC=0 
CY=0 AC=0 52 --> 52 CY=0 AC=0 
CY=1 AC=0 52 --> 52 CY=0 AC=0 
CY=0 AC=1 52 --> 52 CY=0 AC=0 
CY=1 AC=1 52 --> 52 CY=0 AC=0 
CY=0 AC=0 53 --> 53 CY=0 AC=0 
CY=1 AC=0 53 --> 53 CY=0 AC=0 
CY=0 AC=1 53 --> 53 CY=0 AC=0 
CY=1 AC=1 53 --> 53 CY=0 AC=0 
CY=0 AC=0 54 --> 54 CY=0 AC=0 
CY=1 AC=0 54 --> 54 CY=0 AC=0 
CY=0 AC=1 54 --> 54 CY=0 AC=0 
CY=1 AC=1 54 --> 54 CY=0 AC=0 
CY=0 AC=0 55 --> 55 CY=0 AC=0 
CY=1 AC=0 55 --> 55 CY=0 AC=0 
CY=0 AC=1 55 --> 55 CY=0 AC=0 
CY=1 AC=1 55 --> 55 CY=0 AC=0 
CY=0 AC=0 56 --> 56 CY=0 AC=0 
CY=1 AC=0 56 --> 56 CY=0 AC=0 
CY=0 AC=1 56 --> 56 CY=0 AC=0 
CY=1 AC=1 56 --> 56 CY=0 AC=0 
CY=0 AC=0 57 --> 57 CY=0 AC=0 
CY=1 AC=0 57 --> 57 CY=0 AC=0 
CY=0 AC=1 57 --> 57 CY=0 AC=0 
CY=1 AC=1 57 --> 57 CY=0 AC=0 
CY=0 AC=0 58 --> 58 CY=0 AC=0 
CY=1 AC=0 58 --> 58 CY=0 AC=0 
CY=0 AC=1 58 --> 58 CY=0 AC=0 
CY=1 AC=1 58 --> 58 CY=0 AC=0 
CY=0 AC=0 59 --> 59 CY=0 AC=0 
CY=1 AC=0 59 --> 59 CY=0 AC=0 
CY=0 AC=1 59 --> 59 CY=0 AC=0 
CY=1 AC=1 59 --> 59 CY=0 AC=0 
CY=0 AC=0 5A --> 60 CY=0 AC=1 
CY=1 AC=0 5A --> 60 CY=0 AC=1 
CY=0 AC=1 5A --> 60 CY=0 AC=1 
CY=1 AC=1 5A --> 60 CY=0 AC=1 
CY=0 AC=0 5B --> 61 CY=0 AC=1 
CY=1 AC=0 5B --> 61 CY=0 AC=1 
CY=0 AC=1 5B --> 61 CY=0 AC=1 
CY=1 AC=1 5B --> 61 CY=0 AC=1 
CY=0 AC=0 5C --> 62 CY=0 AC=1 
CY=1 AC=0 5C --> 62 CY=0 AC=1 
CY=0 AC=1 5C --> 62 CY=0 AC=1 
CY=1 AC=1 5C --> 62 CY=0 AC=1 
CY=0 AC=0 5D --> 63 CY=0 AC=1 
CY=1 AC=0 5D --> 63 CY=0 AC=1 
CY=0 AC=1 5D --> 63 CY=0 AC=1 
CY=1 AC=1 5D --> 63 CY=0 AC=1 
CY=0 AC=0 5E --> 64 CY=0 AC=1 
CY=1 AC=0 5E --> 64 CY=0 AC=1 
CY=0 AC=1 5E --> 64 CY=0 AC=1 
CY=1 AC=1 5E --> 64 CY=0 AC=1 
CY=0 AC=0 5F --> 65 CY=0 AC=1 
CY=1 AC=0 5F --> 65 CY=0 AC=1 
CY=0 AC=1 5F --> 65 CY=0 AC=1 
CY=1 AC=1 5F --> 65 CY=0 AC=1 
CY=0 AC=0 60 --> 60 CY=0 AC=0 
CY=1 AC=0 60 --> 60 CY=0 AC=0 
CY=0 AC=1 60 --> 60 CY=0 AC=0 
CY=1 AC=1 60 --> 60 CY=0 AC=0 
CY=0 AC=0 61 --> 61 CY=0 AC=0 
CY=1 AC=0 61 --> 61 CY=0 AC=0 
CY=0 AC=1 61 --> 61 CY=0 AC=0 
CY=1 AC=1 61 --> 61 CY=0 AC=0 
CY=0 AC=0 62 --> 62 CY=0 AC=0 
CY=1 AC=0 62 --> 62 CY=0 AC=0 
CY=0 AC=1 62 --> 62 CY=0 AC=0 
CY=1 AC=1 62 --> 62 CY=0 AC=0 
CY=0 AC=0 63 --> 63 CY=0 AC=0 
CY=1 AC=0 63 --> 63 CY=0 AC=0 
CY=0 AC=1 63 --> 63 CY=0 AC=0 
CY=1 AC=1 63 --> 63 CY=0 AC=0 
CY=0 AC=0 64 --> 64 CY=0 AC=0 
CY=1 AC=0 64 --> 64 CY=0 AC=0 
CY=0 AC=1 64 --> 64 CY=0 AC=0 
CY=1 AC=1 64 --> 64 CY=0 AC=0 
CY=0 AC=0 65 --> 65 CY=0 AC=0 
CY=1 AC=0 65 --> 65 CY=0 AC=0 
CY=0 AC=1 65 --> 65 CY=0 AC=0 
CY=1 AC=1 65 --> 65 CY=0 AC=0 
CY=0 AC=0 66 --> 66 CY=0 AC=0 
CY=1 AC=0 66 --> 66 CY=0 AC=0 
CY=0 AC=1 66 --> 66 CY=0 AC=0 
CY=1 AC=1 66 --> 66 CY=0 AC=0 
CY=0 AC=0 67 --> 67 CY=0 AC=0 
CY=1 AC=0 67 --> 67 CY=0 AC=0 
CY=0 AC=1 67 --> 67 CY=0 AC=0 
CY=1 AC=1 67 --> 67 CY=0 AC=0 
CY=0 AC=0 68 --> 68 CY=0 AC=0 
CY=1 AC=0 68 --> 68 CY=0 AC=0 
CY=0 AC=1 68 --> 68 CY=0 AC=0 
CY=1 AC=1 68 --> 68 CY=0 AC=0 
CY=0 AC=0 69 --> 69 CY=0 AC=0 
CY=1 AC=0 69 --> 69 CY=0 AC=0 
CY=0 AC=1 69 --> 69 CY=0 AC=0 
CY=1 AC=1 69 --> 69 CY=0 AC=0 
CY=0 AC=0 6A --> 70 CY=0 AC=1 
CY=1 AC=0 6A --> 70 CY=0 AC=1 
CY=0 AC=1 6A --> 70 CY=0 AC=1 
CY=1 AC=1 6A --> 70 CY=0 AC=1 
CY=0 AC=0 6B --> 71 CY=0 AC=1 
CY=1 AC=0 6B --> 71 CY=0 AC=1 
CY=0 AC=1 6B --> 71 CY=0 AC=1 
CY=1 AC=1 6B --> 71 CY=0 AC=1 
CY=0 AC=0 6C --> 72 CY=0 AC=1 
CY=1 AC=0 6C --> 72 CY=0 AC=1 
CY=0 AC=1 6C --> 72 CY=0 AC=1 
CY=1 AC=1 6C --> 72 CY=0 AC=1 
CY=0 AC=0 6D --> 73 CY=0 AC=1 
CY=1 AC=0 6D --> 73 CY=0 AC=1 
CY=0 AC=1 6D --> 73 CY=0 AC=1 
CY=1 AC=1 6D --> 73 CY=0 AC=1 
CY=0 AC=0 6E --> 74 CY=0 AC=1 
CY=1 AC=0 6E --> 74 CY=0 AC=1 
CY=0 AC=1 6E --> 74 CY=0 AC=1 
CY=1 AC=1 6E --> 74 CY=0 AC=1 
CY=0 AC=0 6F --> 75 CY=0 AC=1 
CY=1 AC=0 6F --> 75 CY=0 AC=1 
CY=0 AC=1 6F --> 75 CY=0 AC=1 
CY=1 AC=1 6F --> 75 CY=0 AC=1 
CY=0 AC=0 70 --> 70 CY=0 AC=0 
CY=1 AC=0 70 --> 70 CY=0 AC=0 
CY=0 AC=1 70 --> 70 CY=0 AC=0 
CY=1 AC=1 70 --> 70 CY=0 AC=0 
CY=0 AC=0 71 --> 71 CY=0 AC=0 
CY=1 AC=0 71 --> 71 CY=0 AC=0 
CY=0 AC=1 71 --> 71 CY=0 AC=0 
CY=1 AC=1 71 --> 71 CY=0 AC=0 
CY=0 AC=0 72 --> 72 CY=0 AC=0 
CY=1 AC=0 72 --> 72 CY=0 AC=0 
CY=0 AC=1 72 --> 72 CY=0 AC=0 
CY=1 AC=1 72 --> 72 CY=0 AC=0 
CY=0 AC=0 73 --> 73 CY=0 AC=0 
CY=1 AC=0 73 --> 73 CY=0 AC=0 
CY=0 AC=1 73 --> 73 CY=0 AC=0 
CY=1 AC=1 73 --> 73 CY=0 AC=0 
CY=0 AC=0 74 --> 74 CY=0 AC=0 
CY=1 AC=0 74 --> 74 CY=0 AC=0 
CY=0 AC=1 74 --> 74 CY=0 AC=0 
CY=1 AC=1 74 --> 74 CY=0 AC=0 
CY=0 AC=0 75 --> 75 CY=0 AC=0 
CY=1 AC=0 75 --> 75 CY=0 AC=0 
CY=0 AC=1 75 --> 75 CY=0 AC=0 
CY=1 AC=1 75 --> 75 CY=0 AC=0 
CY=0 AC=0 76 --> 76 CY=0 AC=0 
CY=1 AC=0 76 --> 76 CY=0 AC=0 
CY=0 AC=1 76 --> 76 CY=0 AC=0 
CY=1 AC=1 76 --> 76 CY=0 AC=0 
CY=0 AC=0 77 --> 77 CY=0 AC=0 
CY=1 AC=0 77 --> 77 CY=0 AC=0 
CY=0 AC=1 77 --> 77 CY=0 AC=0 
CY=1 AC=1 77 --> 77 CY=0 AC=0 
CY=0 AC=0 78 --> 78 CY=0 AC=0 
CY=1 AC=0 78 --> 78 CY=0 AC=0 
CY=0 AC=1 78 --> 78 CY=0 AC=0 
CY=1 AC=1 78 --> 78 CY=0 AC=0 
CY=0 AC=0 79 --> 79 CY=0 AC=0 
CY=1 AC=0 79 --> 79 CY=0 AC=0 
CY=0 AC=1 79 --> 79 CY=0 AC=0 
CY=1 AC=1 79 --> 79 CY=0 AC=0 
CY=0 AC=0 7A --> 80 CY=0 AC=1 
CY=1 AC=0 7A --> 80 CY=0 AC=1 
CY=0 AC=1 7A --> 80 CY=0 AC=1 
CY=1 AC=1 7A --> 80 CY=0 AC=1 
CY=0 AC=0 7B --> 81 CY=0 AC=1 
CY=1 AC=0 7B --> 81 CY=0 AC=1 
CY=0 AC=1 7B --> 81 CY=0 AC=1 
CY=1 AC=1 7B --> 81 CY=0 AC=1 
CY=0 AC=0 7C --> 82 CY=0 AC=1 
CY=1 AC=0 7C --> 82 CY=0 AC=1 
CY=0 AC=1 7C --> 82 CY=0 AC=1 
CY=1 AC=1 7C --> 82 CY=0 AC=1 
CY=0 AC=0 7D --> 83 CY=0 AC=1 
CY=1 AC=0 7D --> 83 CY=0 AC=1 
CY=0 AC=1 7D --> 83 CY=0 AC=1 
CY=1 AC=1 7D --> 83 CY=0 AC=1 
CY=0 AC=0 7E --> 84 CY=0 AC=1 
CY=1 AC=0 7E --> 84 CY=0 AC=1 
CY=0 AC=1 7E --> 84 CY=0 AC=1 
CY=1 AC=1 7E --> 84 CY=0 AC=1 
CY=0 AC=0 7F --> 85 CY=0 AC=1 
CY=1 AC=0 7F --> 85 CY=0 AC=1 
CY=0 AC=1 7F --> 85 CY=0 AC=1 
CY=1 AC=1 7F --> 85 CY=0 AC=1 
CY=0 AC=0 80 --> 80 CY=0 AC=0 
CY=1 AC=0 80 --> 80 CY=0 AC=0 
CY=0 AC=1 80 --> 80 CY=0 AC=0 
CY=1 AC=1 80 --> 80 CY=0 AC=0 
CY=0 AC=0 81 --> 81 CY=0 AC=0 
CY=1 AC=0 81 --> 81 CY=0 AC=0 
CY=0 AC=1 81 --> 81 CY=0 AC=0 
CY=1 AC=1 81 --> 81 CY=0 AC=0 
CY=0 AC=0 82 --> 82 CY=0 AC=0 
CY=1 AC=0 82 --> 82 CY=0 AC=0 
CY=0 AC=1 82 --> 82 CY=0 AC=0 
CY=1 AC=1 82 --> 82 CY=0 AC=0 
CY=0 AC=0 83 --> 83 CY=0 AC=0 
CY=1 AC=0 83 --> 83 CY=0 AC=0 
CY=0 AC=1 83 --> 83 CY=0 AC=0 
CY=1 AC=1 83 --> 83 CY=0 AC=0 
CY=0 AC=0 84 --> 84 CY=0 AC=0 
CY=1 AC=0 84 --> 84 CY=0 AC=0 
CY=0 AC=1 84 --> 84 CY=0 AC=0 
CY=1 AC=1 84 --> 84 CY=0 AC=0 
CY=0 AC=0 85 --> 85 CY=0 AC=0 
CY=1 AC=0 85 --> 85 CY=0 AC=0 
CY=0 AC=1 85 --> 85 CY=0 AC=0 
CY=1 AC=1 85 --> 85 CY=0 AC=0 
CY=0 AC=0 86 --> 86 CY=0 AC=0 
CY=1 AC=0 86 --> 86 CY=0 AC=0 
CY=0 AC=1 86 --> 86 CY=0 AC=0 
CY=1 AC=1 86 --> 86 CY=0 AC=0 
CY=0 AC=0 87 --> 87 CY=0 AC=0 
CY=1 AC=0 87 --> 87 CY=0 AC=0 
CY=0 AC=1 87 --> 87 CY=0 AC=0 
CY=1 AC=1 87 --> 87 CY=0 AC=0 
CY=0 AC=0 88 --> 88 CY=0 AC=0 
CY=1 AC=0 88 --> 88 CY=0 AC=0 
CY=0 AC=1 88 --> 88 CY=0 AC=0 
CY=1 AC=1 88 --> 88 CY=0 AC=0 
CY=0 AC=0 89 --> 89 CY=0 AC=0 
CY=1 AC=0 89 --> 89 CY=0 AC=0 
CY=0 AC=1 89 --> 89 CY=0 AC=0 
CY=1 AC=1 89 --> 89 CY=0 AC=0 
CY=0 AC=0 8A --> 90 CY=0 AC=1 
CY=1 AC=0 8A --> 90 CY=0 AC=1 
CY=0 AC=1 8A --> 90 CY=0 AC=1 
CY=1 AC=1 8A --> 90 CY=0 AC=1 
CY=0 AC=0 8B --> 91 CY=0 AC=1 
CY=1 AC=0 8B --> 91 CY=0 AC=1 
CY=0 AC=1 8B --> 91 CY=0 AC=1 
CY=1 AC=1 8B --> 91 CY=0 AC=1 
CY=0 AC=0 8C --> 92 CY=0 AC=1 
CY=1 AC=0 8C --> 92 CY=0 AC=1 
CY=0 AC=1 8C --> 92 CY=0 AC=1 
CY=1 AC=1 8C --> 92 CY=0 AC=1 
CY=0 AC=0 8D --> 93 CY=0 AC=1 
CY=1 AC=0 8D --> 93 CY=0 AC=1 
CY=0 AC=1 8D --> 93 CY=0 AC=1 
CY=1 AC=1 8D --> 93 CY=0 AC=1 
CY=0 AC=0 8E --> 94 CY=0 AC=1 
CY=1 AC=0 8E --> 94 CY=0 AC=1 
CY=0 AC=1 8E --> 94 CY=0 AC=1 
CY=1 AC=1 8E --> 94 CY=0 AC=1 
CY=0 AC=0 8F --> 95 CY=0 AC=1 
CY=1 AC=0 8F --> 95 CY=0 AC=1 
CY=0 AC=1 8F --> 95 CY=0 AC=1 
CY=1 AC=1 8F --> 95 CY=0 AC=1 
CY=0 AC=0 90 --> 90 CY=0 AC=0 
CY=1 AC=0 90 --> 90 CY=0 AC=0 
CY=0 AC=1 90 --> 90 CY=0 AC=0 
CY=1 AC=1 90 --> 90 CY=0 AC=0 
CY=0 AC=0 91 --> 91 CY=0 AC=0 
CY=1 AC=0 91 --> 91 CY=0 AC=0 
CY=0 AC=1 91 --> 91 CY=0 AC=0 
CY=1 AC=1 91 --> 91 CY=0 AC=0 
CY=0 AC=0 92 --> 92 CY=0 AC=0 
CY=1 AC=0 92 --> 92 CY=0 AC=0 
CY=0 AC=1 92 --> 92 CY=0 AC=0 
CY=1 AC=1 92 --> 92 CY=0 AC=0 
CY=0 AC=0 93 --> 93 CY=0 AC=0 
CY=1 AC=0 93 --> 93 CY=0 AC=0 
CY=0 AC=1 93 --> 93 CY=0 AC=0 
CY=1 AC=1 93 --> 93 CY=0 AC=0 
CY=0 AC=0 94 --> 94 CY=0 AC=0 
CY=1 AC=0 94 --> 94 CY=0 AC=0 
CY=0 AC=1 94 --> 94 CY=0 AC=0 
CY=1 AC=1 94 --> 94 CY=0 AC=0 
CY=0 AC=0 95 --> 95 CY=0 AC=0 
CY=1 AC=0 95 --> 95 CY=0 AC=0 
CY=0 AC=1 95 --> 95 CY=0 AC=0 
CY=1 AC=1 95 --> 95 CY=0 AC=0 
CY=0 AC=0 96 --> 96 CY=0 AC=0 
CY=1 AC=0 96 --> 96 CY=0 AC=0 
CY=0 AC=1 96 --> 96 CY=0 AC=0 
CY=1 AC=1 96 --> 96 CY=0 AC=0 
CY=0 AC=0 97 --> 97 CY=0 AC=0 
CY=1 AC=0 97 --> 97 CY=0 AC=0 
CY=0 AC=1 97 --> 97 CY=0 AC=0 
CY=1 AC=1 97 --> 97 CY=0 AC=0 
CY=0 AC=0 98 --> 98 CY=0 AC=0 
CY=1 AC=0 98 --> 98 CY=0 AC=0 
CY=0 AC=1 98 --> 98 CY=0 AC=0 
CY=1 AC=1 98 --> 98 CY=0 AC=0 
CY=0 AC=0 99 --> 99 CY=0 AC=0 
CY=1 AC=0 99 --> 99 CY=0 AC=0 
CY=0 AC=1 99 --> 99 CY=0 AC=0 
CY=1 AC=1 99 --> 99 CY=0 AC=0 
CY=0 AC=0 9A --> 00 CY=1 AC=1 
CY=1 AC=0 9A --> 00 CY=1 AC=1 
CY=0 AC=1 9A --> 00 CY=1 AC=1 
CY=1 AC=1 9A --> 00 CY=1 AC=1 
CY=0 AC=0 9B --> 01 CY=1 AC=1 
CY=1 AC=0 9B --> 01 CY=1 AC=1 
CY=0 AC=1 9B --> 01 CY=1 AC=1 
CY=1 AC=1 9B --> 01 CY=1 AC=1 
CY=0 AC=0 9C --> 02 CY=1 AC=1 
CY=1 AC=0 9C --> 02 CY=1 AC=1 
CY=0 AC=1 9C --> 02 CY=1 AC=1 
CY=1 AC=1 9C --> 02 CY=1 AC=1 
CY=0 AC=0 9D --> 03 CY=1 AC=1 
CY=1 AC=0 9D --> 03 CY=1 AC=1 
CY=0 AC=1 9D --> 03 CY=1 AC=1 
CY=1 AC=1 9D --> 03 CY=1 AC=1 
CY=0 AC=0 9E --> 04 CY=1 AC=1 
CY=1 AC=0 9E --> 04 CY=1 AC=1 
CY=0 AC=1 9E --> 04 CY=1 AC=1 
CY=1 AC=1 9E --> 04 CY=1 AC=1 
CY=0 AC=0 9F --> 05 CY=1 AC=1 
CY=1 AC=0 9F --> 05 CY=1 AC=1 
CY=0 AC=1 9F --> 05 CY=1 AC=1 
CY=1 AC=1 9F --> 05 CY=1 AC=1 
CY=0 AC=0 A0 --> 00 CY=1 AC=0 
CY=1 AC=0 A0 --> 00 CY=1 AC=0 
CY=0 AC=1 A0 --> 00 CY=1 AC=0 
CY=1 AC=1 A0 --> 00 CY=1 AC=0 
CY=0 AC=0 A1 --> 01 CY=1 AC=0 
CY=1 AC=0 A1 --> 01 CY=1 AC=0 
CY=0 AC=1 A1 --> 01 CY=1 AC=0 
CY=1 AC=1 A1 --> 01 CY=1 AC=0 
CY=0 AC=0 A2 --> 02 CY=1 AC=0 
CY=1 AC=0 A2 --> 02 CY=1 AC=0 
CY=0 AC=1 A2 --> 02 CY=1 AC=0 
CY=1 AC=1 A2 --> 02 CY=1 AC=0 
CY=0 AC=0 A3 --> 03 CY=1 AC=0 
CY=1 AC=0 A3 --> 03 CY=1 AC=0 
CY=0 AC=1 A3 --> 03 CY=1 AC=0 
CY=1 AC=1 A3 --> 03 CY=1 AC=0 
CY=0 AC=0 A4 --> 04 CY=1 AC=0 
CY=1 AC=0 A4 --> 04 CY=1 AC=0 
CY=0 AC=1 A4 --> 04 CY=1 AC=0 
CY=1 AC=1 A4 --> 04 CY=1 AC=0 
CY=0 AC=0 A5 --> 05 CY=1 AC=0 
CY=1 AC=0 A5 --> 05 CY=1 AC=0 
CY=0 AC=1 A5 --> 05 CY=1 AC=0 
CY=1 AC=1 A5 --> 05 CY=1 AC=0 
CY=0 AC=0 A6 --> 06 CY=1 AC=0 
CY=1 AC=0 A6 --> 06 CY=1 AC=0 
CY=0 AC=1 A6 --> 06 CY=1 AC=0 
CY=1 AC=1 A6 --> 06 CY=1 AC=0 
CY=0 AC=0 A7 --> 07 CY=1 AC=0 
CY=1 AC=0 A7 --> 07 CY=1 AC=0 
CY=0 AC=1 A7 --> 07 CY=1 AC=0 
CY=1 AC=1 A7 --> 07 CY=1 AC=0 
CY=0 AC=0 A8 --> 08 CY=1 AC=0 
CY=1 AC=0 A8 --> 08 CY=1 AC=0 
CY=0 AC=1 A8 --> 08 CY=1 AC=0 
CY=1 AC=1 A8 --> 08 CY=1 AC=0 
CY=0 AC=0 A9 --> 09 CY=1 AC=0 
CY=1 AC=0 A9 --> 09 CY=1 AC=0 
CY=0 AC=1 A9 --> 09 CY=1 AC=0 
CY=1 AC=1 A9 --> 09 CY=1 AC=0 
CY=0 AC=0 AA --> 10 CY=1 AC=1 
CY=1 AC=0 AA --> 10 CY=1 AC=1 
CY=0 AC=1 AA --> 10 CY=1 AC=1 
CY=1 AC=1 AA --> 10 CY=1 AC=1 
CY=0 AC=0 AB --> 11 CY=1 AC=1 
CY=1 AC=0 AB --> 11 CY=1 AC=1 
CY=0 AC=1 AB --> 11 CY=1 AC=1 
CY=1 AC=1 AB --> 11 CY=1 AC=1 
CY=0 AC=0 AC --> 12 CY=1 AC=1 
CY=1 AC=0 AC --> 12 CY=1 AC=1 
CY=0 AC=1 AC --> 12 CY=1 AC=1 
CY=1 AC=1 AC --> 12 CY=1 AC=1 
CY=0 AC=0 AD --> 13 CY=1 AC=1 
CY=1 AC=0 AD --> 13 CY=1 AC=1 
CY=0 AC=1 AD --> 13 CY=1 AC=1 
CY=1 AC=1 AD --> 13 CY=1 AC=1 
CY=0 AC=0 AE --> 14 CY=1 AC=1 
CY=1 AC=0 AE --> 14 CY=1 AC=1 
CY=0 AC=1 AE --> 14 CY=1 AC=1 
CY=1 AC=1 AE --> 14 CY=1 AC=1 
CY=0 AC=0 AF --> 15 CY=1 AC=1 
CY=1 AC=0 AF --> 15 CY=1 AC=1 
CY=0 AC=1 AF --> 15 CY=1 AC=1 
CY=1 AC=1 AF --> 15 CY=1 AC=1 
CY=0 AC=0 B0 --> 10 CY=1 AC=0 
CY=1 AC=0 B0 --> 10 CY=1 AC=0 
CY=0 AC=1 B0 --> 10 CY=1 AC=0 
CY=1 AC=1 B0 --> 10 CY=1 AC=0 
CY=0 AC=0 B1 --> 11 CY=1 AC=0 
CY=1 AC=0 B1 --> 11 CY=1 AC=0 
CY=0 AC=1 B1 --> 11 CY=1 AC=0 
CY=1 AC=1 B1 --> 11 CY=1 AC=0 
CY=0 AC=0 B2 --> 12 CY=1 AC=0 
CY=1 AC=0 B2 --> 12 CY=1 AC=0 
CY=0 AC=1 B2 --> 12 CY=1 AC=0 
CY=1 AC=1 B2 --> 12 CY=1 AC=0 
CY=0 AC=0 B3 --> 13 CY=1 AC=0 
CY=1 AC=0 B3 --> 13 CY=1 AC=0 
CY=0 AC=1 B3 --> 13 CY=1 AC=0 
CY=1 AC=1 B3 --> 13 CY=1 AC=0 
CY=0 AC=0 B4 --> 14 CY=1 AC=0 
CY=1 AC=0 B4 --> 14 CY=1 AC=0 
CY=0 AC=1 B4 --> 14 CY=1 AC=0 
CY=1 AC=1 B4 --> 14 CY=1 AC=0 
CY=0 AC=0 B5 --> 15 CY=1 AC=0 
CY=1 AC=0 B5 --> 15 CY=1 AC=0 
CY=0 AC=1 B5 --> 15 CY=1 AC=0 
CY=1 AC=1 B5 --> 15 CY=1 AC=0 
CY=0 AC=0 B6 --> 16 CY=1 AC=0 
CY=1 AC=0 B6 --> 16 CY=1 AC=0 
CY=0 AC=1 B6 --> 16 CY=1 AC=0 
CY=1 AC=1 B6 --> 16 CY=1 AC=0 
CY=0 AC=0 B7 --> 17 CY=1 AC=0 
CY=1 AC=0 B7 --> 17 CY=1 AC=0 
CY=0 AC=1 B7 --> 17 CY=1 AC=0 
CY=1 AC=1 B7 --> 17 CY=1 AC=0 
CY=0 AC=0 B8 --> 18 CY=1 AC=0 
CY=1 AC=0 B8 --> 18 CY=1 AC=0 
CY=0 AC=1 B8 --> 18 CY=1 AC=0 
CY=1 AC=1 B8 --> 18 CY=1 AC=0 
CY=0 AC=0 B9 --> 19 CY=1 AC=0 
CY=1 AC=0 B9 --> 19 CY=1 AC=0 
CY=0 AC=1 B9 --> 19 CY=1 AC=0 
CY=1 AC=1 B9 --> 19 CY=1 AC=0 
CY=0 AC=0 BA --> 20 CY=1 AC=1 
CY=1 AC=0 BA --> 20 CY=1 AC=1 
CY=0 AC=1 BA --> 20 CY=1 AC=1 
CY=1 AC=1 BA --> 20 CY=1 AC=1 
CY=0 AC=0 BB --> 21 CY=1 AC=1 
CY=1 AC=0 BB --> 21 CY=1 AC=1 
CY=0 AC=1 BB --> 21 CY=1 AC=1 
CY=1 AC=1 BB --> 21 CY=1 AC=1 
CY=0 AC=0 BC --> 22 CY=1 AC=1 
CY=1 AC=0 BC --> 22 CY=1 AC=1 
CY=0 AC=1 BC --> 22 CY=1 AC=1 
CY=1 AC=1 BC --> 22 CY=1 AC=1 
CY=0 AC=0 BD --> 23 CY=1 AC=1 
CY=1 AC=0 BD --> 23 CY=1 AC=1 
CY=0 AC=1 BD --> 23 CY=1 AC=1 
CY=1 AC=1 BD --> 23 CY=1 AC=1 
CY=0 AC=0 BE --> 24 CY=1 AC=1 
CY=1 AC=0 BE --> 24 CY=1 AC=1 
CY=0 AC=1 BE --> 24 CY=1 AC=1 
CY=1 AC=1 BE --> 24 CY=1 AC=1 
CY=0 AC=0 BF --> 25 CY=1 AC=1 
CY=1 AC=0 BF --> 25 CY=1 AC=1 
CY=0 AC=1 BF --> 25 CY=1 AC=1 
CY=1 AC=1 BF --> 25 CY=1 AC=1 
CY=0 AC=0 C0 --> 20 CY=1 AC=0 
CY=1 AC=0 C0 --> 20 CY=1 AC=0 
CY=0 AC=1 C0 --> 20 CY=1 AC=0 
CY=1 AC=1 C0 --> 20 CY=1 AC=0 
CY=0 AC=0 C1 --> 21 CY=1 AC=0 
CY=1 AC=0 C1 --> 21 CY=1 AC=0 
CY=0 AC=1 C1 --> 21 CY=1 AC=0 
CY=1 AC=1 C1 --> 21 CY=1 AC=0 
CY=0 AC=0 C2 --> 22 CY=1 AC=0 
CY=1 AC=0 C2 --> 22 CY=1 AC=0 
CY=0 AC=1 C2 --> 22 CY=1 AC=0 
CY=1 AC=1 C2 --> 22 CY=1 AC=0 
CY=0 AC=0 C3 --> 23 CY=1 AC=0 
CY=1 AC=0 C3 --> 23 CY=1 AC=0 
CY=0 AC=1 C3 --> 23 CY=1 AC=0 
CY=1 AC=1 C3 --> 23 CY=1 AC=0 
CY=0 AC=0 C4 --> 24 CY=1 AC=0 
CY=1 AC=0 C4 --> 24 CY=1 AC=0 
CY=0 AC=1 C4 --> 24 CY=1 AC=0 
CY=1 AC=1 C4 --> 24 CY=1 AC=0 
CY=0 AC=0 C5 --> 25 CY=1 AC=0 
CY=1 AC=0 C5 --> 25 CY=1 AC=0 
CY=0 AC=1 C5 --> 25 CY=1 AC=0 
CY=1 AC=1 C5 --> 25 CY=1 AC=0 
CY=0 AC=0 C6 --> 26 CY=1 AC=0 
CY=1 AC=0 C6 --> 26 CY=1 AC=0 
CY=0 AC=1 C6 --> 26 CY=1 AC=0 
CY=1 AC=1 C6 --> 26 CY=1 AC=0 
CY=0 AC=0 C7 --> 27 CY=1 AC=0 
CY=1 AC=0 C7 --> 27 CY=1 AC=0 
CY=0 AC=1 C7 --> 27 CY=1 AC=0 
CY=1 AC=1 C7 --> 27 CY=1 AC=0 
CY=0 AC=0 C8 --> 28 CY=1 AC=0 
CY=1 AC=0 C8 --> 28 CY=1 AC=0 
CY=0 AC=1 C8 --> 28 CY=1 AC=0 
CY=1 AC=1 C8 --> 28 CY=1 AC=0 
CY=0 AC=0 C9 --> 29 CY=1 AC=0 
CY=1 AC=0 C9 --> 29 CY=1 AC=0 
CY=0 AC=1 C9 --> 29 CY=1 AC=0 
CY=1 AC=1 C9 --> 29 CY=1 AC=0 
CY=0 AC=0 CA --> 30 CY=1 AC=1 
CY=1 AC=0 CA --> 30 CY=1 AC=1 
CY=0 AC=1 CA --> 30 CY=1 AC=1 
CY=1 AC=1 CA --> 30 CY=1 AC=1 
CY=0 AC=0 CB --> 31 CY=1 AC=1 
CY=1 AC=0 CB --> 31 CY=1 AC=1 
CY=0 AC=1 CB --> 31 CY=1 AC=1 
CY=1 AC=1 CB --> 31 CY=1 AC=1 
CY=0 AC=0 CC --> 32 CY=1 AC=1 
CY=1 AC=0 CC --> 32 CY=1 AC=1 
CY=0 AC=1 CC --> 32 CY=1 AC=1 
CY=1 AC=1 CC --> 32 CY=1 AC=1 
CY=0 AC=0 CD --> 33 CY=1 AC=1 
CY=1 AC=0 CD --> 33 CY=1 AC=1 
CY=0 AC=1 CD --> 33 CY=1 AC=1 
CY=1 AC=1 CD --> 33 CY=1 AC=1 
CY=0 AC=0 CE --> 34 CY=1 AC=1 
CY=1 AC=0 CE --> 34 CY=1 AC=1 
CY=0 AC=1 CE --> 34 CY=1 AC=1 
CY=1 AC=1 CE --> 34 CY=1 AC=1 
CY=0 AC=0 CF --> 35 CY=1 AC=1 
CY=1 AC=0 CF --> 35 CY=1 AC=1 
CY=0 AC=1 CF --> 35 CY=1 AC=1 
CY=1 AC=1 CF --> 35 CY=1 AC=1 
CY=0 AC=0 D0 --> 30 CY=1 AC=0 
CY=1 AC=0 D0 --> 30 CY=1 AC=0 
CY=0 AC=1 D0 --> 30 CY=1 AC=0 
CY=1 AC=1 D0 --> 30 CY=1 AC=0 
CY=0 AC=0 D1 --> 31 CY=1 AC=0 
CY=1 AC=0 D1 --> 31 CY=1 AC=0 
CY=0 AC=1 D1 --> 31 CY=1 AC=0 
CY=1 AC=1 D1 --> 31 CY=1 AC=0 
CY=0 AC=0 D2 --> 32 CY=1 AC=0 
CY=1 AC=0 D2 --> 32 CY=1 AC=0 
CY=0 AC=1 D2 --> 32 CY=1 AC=0 
CY=1 AC=1 D2 --> 32 CY=1 AC=0 
CY=0 AC=0 D3 --> 33 CY=1 AC=0 
CY=1 AC=0 D3 --> 33 CY=1 AC=0 
CY=0 AC=1 D3 --> 33 CY=1 AC=0 
CY=1 AC=1 D3 --> 33 CY=1 AC=0 
CY=0 AC=0 D4 --> 34 CY=1 AC=0 
CY=1 AC=0 D4 --> 34 CY=1 AC=0 
CY=0 AC=1 D4 --> 34 CY=1 AC=0 
CY=1 AC=1 D4 --> 34 CY=1 AC=0 
CY=0 AC=0 D5 --> 35 CY=1 AC=0 
CY=1 AC=0 D5 --> 35 CY=1 AC=0 
CY=0 AC=1 D5 --> 35 CY=1 AC=0 
CY=1 AC=1 D5 --> 35 CY=1 AC=0 
CY=0 AC=0 D6 --> 36 CY=1 AC=0 
CY=1 AC=0 D6 --> 36 CY=1 AC=0 
CY=0 AC=1 D6 --> 36 CY=1 AC=0 
CY=1 AC=1 D6 --> 36 CY=1 AC=0 
CY=0 AC=0 D7 --> 37 CY=1 AC=0 
CY=1 AC=0 D7 --> 37 CY=1 AC=0 
CY=0 AC=1 D7 --> 37 CY=1 AC=0 
CY=1 AC=1 D7 --> 37 CY=1 AC=0 
CY=0 AC=0 D8 --> 38 CY=1 AC=0 
CY=1 AC=0 D8 --> 38 CY=1 AC=0 
CY=0 AC=1 D8 --> 38 CY=1 AC=0 
CY=1 AC=1 D8 --> 38 CY=1 AC=0 
CY=0 AC=0 D9 --> 39 CY=1 AC=0 
CY=1 AC=0 D9 --> 39 CY=1 AC=0 
CY=0 AC=1 D9 --> 39 CY=1 AC=0 
CY=1 AC=1 D9 --> 39 CY=1 AC=0 
CY=0 AC=0 DA --> 40 CY=1 AC=1 
CY=1 AC=0 DA --> 40 CY=1 AC=1 
CY=0 AC=1 DA --> 40 CY=1 AC=1 
CY=1 AC=1 DA --> 40 CY=1 AC=1 
CY=0 AC=0 DB --> 41 CY=1 AC=1 
CY=1 AC=0 DB --> 41 CY=1 AC=1 
CY=0 AC=1 DB --> 41 CY=1 AC=1 
CY=1 AC=1 DB --> 41 CY=1 AC=1 
CY=0 AC=0 DC --> 42 CY=1 AC=1 
CY=1 AC=0 DC --> 42 CY=1 AC=1 
CY=0 AC=1 DC --> 42 CY=1 AC=1 
CY=1 AC=1 DC --> 42 CY=1 AC=1 
CY=0 AC=0 DD --> 43 CY=1 AC=1 
CY=1 AC=0 DD --> 43 CY=1 AC=1 
CY=0 AC=1 DD --> 43 CY=1 AC=1 
CY=1 AC=1 DD --> 43 CY=1 AC=1 
CY=0 AC=0 DE --> 44 CY=1 AC=1 
CY=1 AC=0 DE --> 44 CY=1 AC=1 
CY=0 AC=1 DE --> 44 CY=1 AC=1 
CY=1 AC=1 DE --> 44 CY=1 AC=1 
CY=0 AC=0 DF --> 45 CY=1 AC=1 
CY=1 AC=0 DF --> 45 CY=1 AC=1 
CY=0 AC=1 DF --> 45 CY=1 AC=1 
CY=1 AC=1 DF --> 45 CY=1 AC=1 
CY=0 AC=0 E0 --> 40 CY=1 AC=0 
CY=1 AC=0 E0 --> 40 CY=1 AC=0 
CY=0 AC=1 E0 --> 40 CY=1 AC=0 
CY=1 AC=1 E0 --> 40 CY=1 AC=0 
CY=0 AC=0 E1 --> 41 CY=1 AC=0 
CY=1 AC=0 E1 --> 41 CY=1 AC=0 
CY=0 AC=1 E1 --> 41 CY=1 AC=0 
CY=1 AC=1 E1 --> 41 CY=1 AC=0 
CY=0 AC=0 E2 --> 42 CY=1 AC=0 
CY=1 AC=0 E2 --> 42 CY=1 AC=0 
CY=0 AC=1 E2 --> 42 CY=1 AC=0 
CY=1 AC=1 E2 --> 42 CY=1 AC=0 
CY=0 AC=0 E3 --> 43 CY=1 AC=0 
CY=1 AC=0 E3 --> 43 CY=1 AC=0 
CY=0 AC=1 E3 --> 43 CY=1 AC=0 
CY=1 AC=1 E3 --> 43 CY=1 AC=0 
CY=0 AC=0 E4 --> 44 CY=1 AC=0 
CY=1 AC=0 E4 --> 44 CY=1 AC=0 
CY=0 AC=1 E4 --> 44 CY=1 AC=0 
CY=1 AC=1 E4 --> 44 CY=1 AC=0 
CY=0 AC=0 E5 --> 45 CY=1 AC=0 
CY=1 AC=0 E5 --> 45 CY=1 AC=0 
CY=0 AC=1 E5 --> 45 CY=1 AC=0 
CY=1 AC=1 E5 --> 45 CY=1 AC=0 
CY=0 AC=0 E6 --> 46 CY=1 AC=0 
CY=1 AC=0 E6 --> 46 CY=1 AC=0 
CY=0 AC=1 E6 --> 46 CY=1 AC=0 
CY=1 AC=1 E6 --> 46 CY=1 AC=0 
CY=0 AC=0 E7 --> 47 CY=1 AC=0 
CY=1 AC=0 E7 --> 47 CY=1 AC=0 
CY=0 AC=1 E7 --> 47 CY=1 AC=0 
CY=1 AC=1 E7 --> 47 CY=1 AC=0 
CY=0 AC=0 E8 --> 48 CY=1 AC=0 
CY=1 AC=0 E8 --> 48 CY=1 AC=0 
CY=0 AC=1 E8 --> 48 CY=1 AC=0 
CY=1 AC=1 E8 --> 48 CY=1 AC=0 
CY=0 AC=0 E9 --> 49 CY=1 AC=0 
CY=1 AC=0 E9 --> 49 CY=1 AC=0 
CY=0 AC=1 E9 --> 49 CY=1 AC=0 
CY=1 AC=1 E9 --> 49 CY=1 AC=0 
CY=0 AC=0 EA --> 50 CY=1 AC=1 
CY=1 AC=0 EA --> 50 CY=1 AC=1 
CY=0 AC=1 EA --> 50 CY=1 AC=1 
CY=1 AC=1 EA --> 50 CY=1 AC=1 
CY=0 AC=0 EB --> 51 CY=1 AC=1 
CY=1 AC=0 EB --> 51 CY=1 AC=1 
CY=0 AC=1 EB --> 51 CY=1 AC=1 
CY=1 AC=1 EB --> 51 CY=1 AC=1 
CY=0 AC=0 EC --> 52 CY=1 AC=1 
CY=1 AC=0 EC --> 52 CY=1 AC=1 
CY=0 AC=1 EC --> 52 CY=1 AC=1 
CY=1 AC=1 EC --> 52 CY=1 AC=1 
CY=0 AC=0 ED --> 53 CY=1 AC=1 
CY=1 AC=0 ED --> 53 CY=1 AC=1 
CY=0 AC=1 ED --> 53 CY=1 AC=1 
CY=1 AC=1 ED --> 53 CY=1 AC=1 
CY=0 AC=0 EE --> 54 CY=1 AC=1 
CY=1 AC=0 EE --> 54 CY=1 AC=1 
CY=0 AC=1 EE --> 54 CY=1 AC=1 
CY=1 AC=1 EE --> 54 CY=1 AC=1 
CY=0 AC=0 EF --> 55 CY=1 AC=1 
CY=1 AC=0 EF --> 55 CY=1 AC=1 
CY=0 AC=1 EF --> 55 CY=1 AC=1 
CY=1 AC=1 EF --> 55 CY=1 AC=1 
CY=0 AC=0 F0 --> 50 CY=1 AC=0 
CY=1 AC=0 F0 --> 50 CY=1 AC=0 
CY=0 AC=1 F0 --> 50 CY=1 AC=0 
CY=1 AC=1 F0 --> 50 CY=1 AC=0 
CY=0 AC=0 F1 --> 51 CY=1 AC=0 
CY=1 AC=0 F1 --> 51 CY=1 AC=0 
CY=0 AC=1 F1 --> 51 CY=1 AC=0 
CY=1 AC=1 F1 --> 51 CY=1 AC=0 
CY=0 AC=0 F2 --> 52 CY=1 AC=0 
CY=1 AC=0 F2 --> 52 CY=1 AC=0 
CY=0 AC=1 F2 --> 52 CY=1 AC=0 
CY=1 AC=1 F2 --> 52 CY=1 AC=0 
CY=0 AC=0 F3 --> 53 CY=1 AC=0 
CY=1 AC=0 F3 --> 53 CY=1 AC=0 
CY=0 AC=1 F3 --> 53 CY=1 AC=0 
CY=1 AC=1 F3 --> 53 CY=1 AC=0 
CY=0 AC=0 F4 --> 54 CY=1 AC=0 
CY=1 AC=0 F4 --> 54 CY=1 AC=0 
CY=0 AC=1 F4 --> 54 CY=1 AC=0 
CY=1 AC=1 F4 --> 54 CY=1 AC=0 
CY=0 AC=0 F5 --> 55 CY=1 AC=0 
CY=1 AC=0 F5 --> 55 CY=1 AC=0 
CY=0 AC=1 F5 --> 55 CY=1 AC=0 
CY=1 AC=1 F5 --> 55 CY=1 AC=0 
CY=0 AC=0 F6 --> 56 CY=1 AC=0 
CY=1 AC=0 F6 --> 56 CY=1 AC=0 
CY=0 AC=1 F6 --> 56 CY=1 AC=0 
CY=1 AC=1 F6 --> 56 CY=1 AC=0 
CY=0 AC=0 F7 --> 57 CY=1 AC=0 
CY=1 AC=0 F7 --> 57 CY=1 AC=0 
CY=0 AC=1 F7 --> 57 CY=1 AC=0 
CY=1 AC=1 F7 --> 57 CY=1 AC=0 
CY=0 AC=0 F8 --> 58 CY=1 AC=0 
CY=1 AC=0 F8 --> 58 CY=1 AC=0 
CY=0 AC=1 F8 --> 58 CY=1 AC=0 
CY=1 AC=1 F8 --> 58 CY=1 AC=0 
CY=0 AC=0 F9 --> 59 CY=1 AC=0 
CY=1 AC=0 F9 --> 59 CY=1 AC=0 
CY=0 AC=1 F9 --> 59 CY=1 AC=0 
CY=1 AC=1 F9 --> 59 CY=1 AC=0 
CY=0 AC=0 FA --> 60 CY=1 AC=1 
CY=1 AC=0 FA --> 60 CY=1 AC=1 
CY=0 AC=1 FA --> 60 CY=1 AC=1 
CY=1 AC=1 FA --> 60 CY=1 AC=1 
CY=0 AC=0 FB --> 61 CY=1 AC=1 
CY=1 AC=0 FB --> 61 CY=1 AC=1 
CY=0 AC=1 FB --> 61 CY=1 AC=1 
CY=1 AC=1 FB --> 61 CY=1 AC=1 
CY=0 AC=0 FC --> 62 CY=1 AC=1 
CY=1 AC=0 FC --> 62 CY=1 AC=1 
CY=0 AC=1 FC --> 62 CY=1 AC=1 
CY=1 AC=1 FC --> 62 CY=1 AC=1 
CY=0 AC=0 FD --> 63 CY=1 AC=1 
CY=1 AC=0 FD --> 63 CY=1 AC=1 
CY=0 AC=1 FD --> 63 CY=1 AC=1 
CY=1 AC=1 FD --> 63 CY=1 AC=1 
CY=0 AC=0 FE --> 64 CY=1 AC=1 
CY=1 AC=0 FE --> 64 CY=1 AC=1 
CY=0 AC=1 FE --> 64 CY=1 AC=1 
CY=1 AC=1 FE --> 64 CY=1 AC=1 
CY=0 AC=0 FF --> 65 CY=1 AC=1 
CY=1 AC=0 FF --> 65 CY=1 AC=1 
CY=0 AC=1 FF --> 65 CY=1 AC=1 
CY=1 AC=1 FF --> 65 CY=1 AC=1 
