CY=0 AC=0 00 --> 00 CY=0 AC=0 
CY=1 AC=0 00 --> 00 CY=0 AC=0 
CY=0 AC=1 00 --> 00 CY=0 AC=0 
CY=1 AC=1 00 --> 00 CY=0 AC=0 
CY=0 AC=0 01 --> 01 CY=0 AC=0 
CY=1 AC=0 01 --> 01 CY=0 AC=0 
CY=0 AC=1 01 --> 01 CY=0 AC=0 
CY=1 AC=1 01 --> 01 CY=0 AC=0 
CY=0 AC=0 02 --> 02 CY=0 AC=0 
CY=1 AC=0 02 --> 02 CY=0 AC=0 
CY=0 AC=1 02 --> 02 CY=0 AC=0 
CY=1 AC=1 02 --> 02 CY=0 AC=0 
CY=0 AC=0 03 --> 03 CY=0 AC=0 
CY=1 AC=0 03 --> 03 CY=0 AC=0 
CY=0 AC=1 03 --> 03 CY=0 AC=0 
CY=1 AC=1 03 --> 03 CY=0 AC=0 
CY=0 AC=0 04 --> 04 CY=0 AC=0 
CY=1 AC=0 04 --> 04 CY=0 AC=0 
CY=0 AC=1 04 --> 04 CY=0 AC=0 
CY=1 AC=1 04 --> 04 CY=0 AC=0 
CY=0 AC=0 05 --> 05 CY=0 AC=0 
CY=1 AC=0 05 --> 05 CY=0 AC=0 
CY=0 AC=1 05 --> 05 CY=0 AC=0 
CY=1 AC=1 05 --> 05 CY=0 AC=0 
CY=0 AC=0 06 --> 06 CY=0 AC=0 
CY=1 AC=0 06 --> 06 CY=0 AC=0 
CY=0 AC=1 06 --> 06 CY=0 AC=0 
CY=1 AC=1 06 --> 06 CY=0 AC=0 
CY=0 AC=0 07 --> 07 CY=0 AC=0 
CY=1 AC=0 07 --> 07 CY=0 AC=0 
CY=0 AC=1 07 --> 07 CY=0 AC=0 
CY=1 AC=1 07 --> 07 CY=0 AC=0 
CY=0 AC=0 08 --> 08 CY=0 AC=0 
CY=1 AC=0 08 --> 08 CY=0 AC=0 
CY=0 AC=1 08 --> 08 CY=0 AC=0 
CY=1 AC=1 08 --> 08 CY=0 AC=0 
CY=0 AC=0 09 --> 09 CY=0 AC=0 
CY=1 AC=0 09 --> 09 CY=0 AC=0 
CY=0 AC=1 09 --> 09 CY=0 AC=0 
CY=1 AC=1 09 --> 09 CY=0 AC=0 
CY=0 AC=0 0A --> 0A CY=0 AC=0 
CY=1 AC=0 0A --> 0A CY=0 AC=0 
CY=0 AC=1 0A --> 0A CY=0 AC=0 
CY=1 AC=1 0A --> 0A CY=0 AC=0 
CY=0 AC=0 0B --> 0B CY=0 AC=0 
CY=1 AC=0 0B --> 0B CY=0 AC=0 
CY=0 AC=1 0B --> 0B CY=0 AC=0 
CY=1 AC=1 0B --> 0B CY=0 AC=0 
CY=0 AC=0 0C --> 0C CY=0 AC=0 
CY=1 AC=0 0C --> 0C CY=0 AC=0 
CY=0 AC=1 0C --> 0C CY=0 AC=0 
CY=1 AC=1 0C --> 0C CY=0 AC=0 
CY=0 AC=0 0D --> 0D CY=0 AC=0 
CY=1 AC=0 0D --> 0D CY=0 AC=0 
CY=0 AC=1 0D --> 0D CY=0 AC=0 
CY=1 AC=1 0D --> 0D CY=0 AC=0 
CY=0 AC=0 0E --> 0E CY=0 AC=0 
CY=1 AC=0 0E --> 0E CY=0 AC=0 
CY=0 AC=1 0E --> 0E CY=0 AC=0 
CY=1 AC=1 0E --> 0E CY=0 AC=0 
CY=0 AC=0 0F --> 0F CY=0 AC=0 
CY=1 AC=0 0F --> 0F CY=0 AC=0 
CY=0 AC=1 0F --> 0F CY=0 AC=0 
CY=1 AC=1 0F --> 0F CY=0 AC=0 
CY=0 AC=0 10 --> 10 CY=0 AC=0 
CY=1 AC=0 10 --> 10 CY=0 AC=0 
CY=0 AC=1 10 --> 10 CY=0 AC=0 
CY=1 AC=1 10 --> 10 CY=0 AC=0 
CY=0 AC=0 11 --> 11 CY=0 AC=0 
CY=1 AC=0 11 --> 11 CY=0 AC=0 
CY=0 AC=1 11 --> 11 CY=0 AC=0 
CY=1 AC=1 11 --> 11 CY=0 AC=0 
CY=0 AC=0 12 --> 12 CY=0 AC=0 
CY=1 AC=0 12 --> 12 CY=0 AC=0 
CY=0 AC=1 12 --> 12 CY=0 AC=0 
CY=1 AC=1 12 --> 12 CY=0 AC=0 
CY=0 AC=0 13 --> 13 CY=0 AC=0 
CY=1 AC=0 13 --> 13 CY=0 AC=0 
CY=0 AC=1 13 --> 13 CY=0 AC=0 
CY=1 AC=1 13 --> 13 CY=0 AC=0 
CY=0 AC=0 14 --> 14 CY=0 AC=0 
CY=1 AC=0 14 --> 14 CY=0 AC=0 
CY=0 AC=1 14 --> 14 CY=0 AC=0 
CY=1 AC=1 14 --> 14 CY=0 AC=0 
CY=0 AC=0 15 --> 15 CY=0 AC=0 
CY=1 AC=0 15 --> 15 CY=0 AC=0 
CY=0 AC=1 15 --> 15 CY=0 AC=0 
CY=1 AC=1 15 --> 15 CY=0 AC=0 
CY=0 AC=0 16 --> 16 CY=0 AC=0 
CY=1 AC=0 16 --> 16 CY=0 AC=0 
CY=0 AC=1 16 --> 16 CY=0 AC=0 
CY=1 AC=1 16 --> 16 CY=0 AC=0 
CY=0 AC=0 17 --> 17 CY=0 AC=0 
CY=1 AC=0 17 --> 17 CY=0 AC=0 
CY=0 AC=1 17 --> 17 CY=0 AC=0 
CY=1 AC=1 17 --> 17 CY=0 AC=0 
CY=0 AC=0 18 --> 18 CY=0 AC=0 
CY=1 AC=0 18 --> 18 CY=0 AC=0 
CY=0 AC=1 18 --> 18 CY=0 AC=0 
CY=1 AC=1 18 --> 18 CY=0 AC=0 
CY=0 AC=0 19 --> 19 CY=0 AC=0 
CY=1 AC=0 19 --> 19 CY=0 AC=0 
CY=0 AC=1 19 --> 19 CY=0 AC=0 
CY=1 AC=1 19 --> 19 CY=0 AC=0 
CY=0 AC=0 1A --> 1A CY=0 AC=0 
CY=1 AC=0 1A --> 1A CY=0 AC=0 
CY=0 AC=1 1A --> 1A CY=0 AC=0 
CY=1 AC=1 1A --> 1A CY=0 AC=0 
CY=0 AC=0 1B --> 1B CY=0 AC=0 
CY=1 AC=0 1B --> 1B CY=0 AC=0 
CY=0 AC=1 1B --> 1B CY=0 AC=0 
CY=1 AC=1 1B --> 1B CY=0 AC=0 
CY=0 AC=0 1C --> 1C CY=0 AC=0 
CY=1 AC=0 1C --> 1C CY=0 AC=0 
CY=0 AC=1 1C --> 1C CY=0 AC=0 
CY=1 AC=1 1C --> 1C CY=0 AC=0 
CY=0 AC=0 1D --> 1D CY=0 AC=0 
CY=1 AC=0 1D --> 1D CY=0 AC=0 
CY=0 AC=1 1D --> 1D CY=0 AC=0 
CY=1 AC=1 1D --> 1D CY=0 AC=0 
CY=0 AC=0 1E --> 1E CY=0 AC=0 
CY=1 AC=0 1E --> 1E CY=0 AC=0 
CY=0 AC=1 1E --> 1E CY=0 AC=0 
CY=1 AC=1 1E --> 1E CY=0 AC=0 
CY=0 AC=0 1F --> 1F CY=0 AC=0 
CY=1 AC=0 1F --> 1F CY=0 AC=0 
CY=0 AC=1 1F --> 1F CY=0 AC=0 
CY=1 AC=1 1F --> 1F CY=0 AC=0 
CY=0 AC=0 20 --> 20 CY=0 AC=0 
CY=1 AC=0 20 --> 20 CY=0 AC=0 
CY=0 AC=1 20 --> 20 CY=0 AC=0 
CY=1 AC=1 20 --> 20 CY=0 AC=0 
CY=0 AC=0 21 --> 21 CY=0 AC=0 
CY=1 AC=0 21 --> 21 CY=0 AC=0 
CY=0 AC=1 21 --> 21 CY=0 AC=0 
CY=1 AC=1 21 --> 21 CY=0 AC=0 
CY=0 AC=0 22 --> 22 CY=0 AC=0 
CY=1 AC=0 22 --> 22 CY=0 AC=0 
CY=0 AC=1 22 --> 22 CY=0 AC=0 
CY=1 AC=1 22 --> 22 CY=0 AC=0 
CY=0 AC=0 23 --> 23 CY=0 AC=0 
CY=1 AC=0 23 --> 23 CY=0 AC=0 
CY=0 AC=1 23 --> 23 CY=0 AC=0 
CY=1 AC=1 23 --> 23 CY=0 AC=0 
CY=0 AC=0 24 --> 24 CY=0 AC=0 
CY=1 AC=0 24 --> 24 CY=0 AC=0 
CY=0 AC=1 24 --> 24 CY=0 AC=0 
CY=1 AC=1 24 --> 24 CY=0 AC=0 
CY=0 AC=0 25 --> 25 CY=0 AC=0 
CY=1 AC=0 25 --> 25 CY=0 AC=0 
CY=0 AC=1 25 --> 25 CY=0 AC=0 
CY=1 AC=1 25 --> 25 CY=0 AC=0 
CY=0 AC=0 26 --> 26 CY=0 AC=0 
CY=1 AC=0 26 --> 26 CY=0 AC=0 
CY=0 AC=1 26 --> 26 CY=0 AC=0 
CY=1 AC=1 26 --> 26 CY=0 AC=0 
CY=0 AC=0 27 --> 27 CY=0 AC=0 
CY=1 AC=0 27 --> 27 CY=0 AC=0 
CY=0 AC=1 27 --> 27 CY=0 AC=0 
CY=1 AC=1 27 --> 27 CY=0 AC=0 
CY=0 AC=0 28 --> 28 CY=0 AC=0 
CY=1 AC=0 28 --> 28 CY=0 AC=0 
CY=0 AC=1 28 --> 28 CY=0 AC=0 
CY=1 AC=1 28 --> 28 CY=0 AC=0 
CY=0 AC=0 29 --> 29 CY=0 AC=0 
CY=1 AC=0 29 --> 29 CY=0 AC=0 
CY=0 AC=1 29 --> 29 CY=0 AC=0 
CY=1 AC=1 29 --> 29 CY=0 AC=0 
CY=0 AC=0 2A --> 2A CY=0 AC=0 
CY=1 AC=0 2A --> 2A CY=0 AC=0 
CY=0 AC=1 2A --> 2A CY=0 AC=0 
CY=1 AC=1 2A --> 2A CY=0 AC=0 
CY=0 AC=0 2B --> 2B CY=0 AC=0 
CY=1 AC=0 2B --> 2B CY=0 AC=0 
CY=0 AC=1 2B --> 2B CY=0 AC=0 
CY=1 AC=1 2B --> 2B CY=0 AC=0 
CY=0 AC=0 2C --> 2C CY=0 AC=0 
CY=1 AC=0 2C --> 2C CY=0 AC=0 
CY=0 AC=1 2C --> 2C CY=0 AC=0 
CY=1 AC=1 2C --> 2C CY=0 AC=0 
CY=0 AC=0 2D --> 2D CY=0 AC=0 
CY=1 AC=0 2D --> 2D CY=0 AC=0 
CY=0 AC=1 2D --> 2D CY=0 AC=0 
CY=1 AC=1 2D --> 2D CY=0 AC=0 
CY=0 AC=0 2E --> 2E CY=0 AC=0 
CY=1 AC=0 2E --> 2E CY=0 AC=0 
CY=0 AC=1 2E --> 2E CY=0 AC=0 
CY=1 AC=1 2E --> 2E CY=0 AC=0 
CY=0 AC=0 2F --> 2F CY=0 AC=0 
CY=1 AC=0 2F --> 2F CY=0 AC=0 
CY=0 AC=1 2F --> 2F CY=0 AC=0 
CY=1 AC=1 2F --> 2F CY=0 AC=0 
CY=0 AC=0 30 --> 30 CY=0 AC=0 
CY=1 AC=0 30 --> 30 CY=0 AC=0 
CY=0 AC=1 30 --> 30 CY=0 AC=0 
CY=1 AC=1 30 --> 30 CY=0 AC=0 
CY=0 AC=0 31 --> 31 CY=0 AC=0 
CY=1 AC=0 31 --> 31 CY=0 AC=0 
CY=0 AC=1 31 --> 31 CY=0 AC=0 
CY=1 AC=1 31 --> 31 CY=0 AC=0 
CY=0 AC=0 32 --> 32 CY=0 AC=0 
CY=1 AC=0 32 --> 32 CY=0 AC=0 
CY=0 AC=1 32 --> 32 CY=0 AC=0 
CY=1 AC=1 32 --> 32 CY=0 AC=0 
CY=0 AC=0 33 --> 33 CY=0 AC=0 
CY=1 AC=0 33 --> 33 CY=0 AC=0 
CY=0 AC=1 33 --> 33 CY=0 AC=0 
CY=1 AC=1 33 --> 33 CY=0 AC=0 
CY=0 AC=0 34 --> 34 CY=0 AC=0 
CY=1 AC=0 34 --> 34 CY=0 AC=0 
CY=0 AC=1 34 --> 34 CY=0 AC=0 
CY=1 AC=1 34 --> 34 CY=0 AC=0 
CY=0 AC=0 35 --> 35 CY=0 AC=0 
CY=1 AC=0 35 --> 35 CY=0 AC=0 
CY=0 AC=1 35 --> 35 CY=0 AC=0 
CY=1 AC=1 35 --> 35 CY=0 AC=0 
CY=0 AC=0 36 --> 36 CY=0 AC=0 
CY=1 AC=0 36 --> 36 CY=0 AC=0 
CY=0 AC=1 36 --> 36 CY=0 AC=0 
CY=1 AC=1 36 --> 36 CY=0 AC=0 
CY=0 AC=0 37 --> 37 CY=0 AC=0 
CY=1 AC=0 37 --> 37 CY=0 AC=0 
CY=0 AC=1 37 --> 37 CY=0 AC=0 
CY=1 AC=1 37 --> 37 CY=0 AC=0 
CY=0 AC=0 38 --> 38 CY=0 AC=0 
CY=1 AC=0 38 --> 38 CY=0 AC=0 
CY=0 AC=1 38 --> 38 CY=0 AC=0 
CY=1 AC=1 38 --> 38 CY=0 AC=0 
CY=0 AC=0 39 --> 39 CY=0 AC=0 
CY=1 AC=0 39 --> 39 CY=0 AC=0 
CY=0 AC=1 39 --> 39 CY=0 AC=0 
CY=1 AC=1 39 --> 39 CY=0 AC=0 
CY=0 AC=0 3A --> 3A CY=0 AC=0 
CY=1 AC=0 3A --> 3A CY=0 AC=0 
CY=0 AC=1 3A --> 3A CY=0 AC=0 
CY=1 AC=1 3A --> 3A CY=0 AC=0 
CY=0 AC=0 3B --> 3B CY=0 AC=0 
CY=1 AC=0 3B --> 3B CY=0 AC=0 
CY=0 AC=1 3B --> 3B CY=0 AC=0 
CY=1 AC=1 3B --> 3B CY=0 AC=0 
CY=0 AC=0 3C --> 3C CY=0 AC=0 
CY=1 AC=0 3C --> 3C CY=0 AC=0 
CY=0 AC=1 3C --> 3C CY=0 AC=0 
CY=1 AC=1 3C --> 3C CY=0 AC=0 
CY=0 AC=0 3D --> 3D CY=0 AC=0 
CY=1 AC=0 3D --> 3D CY=0 AC=0 
CY=0 AC=1 3D --> 3D CY=0 AC=0 
CY=1 AC=1 3D --> 3D CY=0 AC=0 
CY=0 AC=0 3E --> 3E CY=0 AC=0 
CY=1 AC=0 3E --> 3E CY=0 AC=0 
CY=0 AC=1 3E --> 3E CY=0 AC=0 
CY=1 AC=1 3E --> 3E CY=0 AC=0 
CY=0 AC=0 3F --> 3F CY=0 AC=0 
CY=1 AC=0 3F --> 3F CY=0 AC=0 
CY=0 AC=1 3F --> 3F CY=0 AC=0 
CY=1 AC=1 3F --> 3F CY=0 AC=0 
CY=0 AC=0 40 --> 40 CY=0 AC=0 
CY=1 AC=0 40 --> 40 CY=0 AC=0 
CY=0 AC=1 40 --> 40 CY=0 AC=0 
CY=1 AC=1 40 --> 40 CY=0 AC=0 
CY=0 AC=0 41 --> 41 CY=0 AC=0 
CY=1 AC=0 41 --> 41 CY=0 AC=0 
CY=0 AC=1 41 --> 41 CY=0 AC=0 
CY=1 AC=1 41 --> 41 CY=0 AC=0 
CY=0 AC=0 42 --> 42 CY=0 AC=0 
CY=1 AC=0 42 --> 42 CY=0 AC=0 
CY=0 AC=1 42 --> 42 CY=0 AC=0 
CY=1 AC=1 42 --> 42 CY=0 AC=0 
CY=0 AC=0 43 --> 43 CY=0 AC=0 
CY=1 AC=0 43 --> 43 CY=0 AC=0 
CY=0 AC=1 43 --> 43 CY=0 AC=0 
CY=1 AC=1 43 --> 43 CY=0 AC=0 
CY=0 AC=0 44 --> 44 CY=0 AC=0 
CY=1 AC=0 44 --> 44 CY=0 AC=0 
CY=0 AC=1 44 --> 44 CY=0 AC=0 
CY=1 AC=1 44 --> 44 CY=0 AC=0 
CY=0 AC=0 45 --> 45 CY=0 AC=0 
CY=1 AC=0 45 --> 45 CY=0 AC=0 
CY=0 AC=1 45 --> 45 CY=0 AC=0 
CY=1 AC=1 45 --> 45 CY=0 AC=0 
CY=0 AC=0 46 --> 46 CY=0 AC=0 
CY=1 AC=0 46 --> 46 CY=0 AC=0 
CY=0 AC=1 46 --> 46 CY=0 AC=0 
CY=1 AC=1 46 --> 46 CY=0 AC=0 
CY=0 AC=0 47 --> 47 CY=0 AC=0 
CY=1 AC=0 47 --> 47 CY=0 AC=0 
CY=0 AC=1 47 --> 47 CY=0 AC=0 
CY=1 AC=1 47 --> 47 CY=0 AC=0 
CY=0 AC=0 48 --> 48 CY=0 AC=0 
CY=1 AC=0 48 --> 48 CY=0 AC=0 
CY=0 AC=1 48 --> 48 CY=0 AC=0 
CY=1 AC=1 48 --> 48 CY=0 AC=0 
CY=0 AC=0 49 --> 49 CY=0 AC=0 
CY=1 AC=0 49 --> 49 CY=0 AC=0 
CY=0 AC=1 49 --> 49 CY=0 AC=0 
CY=1 AC=1 49 --> 49 CY=0 AC=0 
CY=0 AC=0 4A --> 4A CY=0 AC=0 
CY=1 AC=0 4A --> 4A CY=0 AC=0 
CY=0 AC=1 4A --> 4A CY=0 AC=0 
CY=1 AC=1 4A --> 4A CY=0 AC=0 
CY=0 AC=0 4B --> 4B CY=0 AC=0 
CY=1 AC=0 4B --> 4B CY=0 AC=0 
CY=0 AC=1 4B --> 4B CY=0 AC=0 
CY=1 AC=1 4B --> 4B CY=0 AC=0 
CY=0 AC=0 4C --> 4C CY=0 AC=0 
CY=1 AC=0 4C --> 4C CY=0 AC=0 
CY=0 AC=1 4C --> 4C CY=0 AC=0 
CY=1 AC=1 4C --> 4C CY=0 AC=0 
CY=0 AC=0 4D --> 4D CY=0 AC=0 
CY=1 AC=0 4D --> 4D CY=0 AC=0 
CY=0 AC=1 4D --> 4D CY=0 AC=0 
CY=1 AC=1 4D --> 4D CY=0 AC=0 
CY=0 AC=0 4E --> 4E CY=0 AC=0 
CY=1 AC=0 4E --> 4E CY=0 AC=0 
CY=0 AC=1 4E --> 4E CY=0 AC=0 
CY=1 AC=1 4E --> 4E CY=0 AC=0 
CY=0 AC=0 4F --> 4F CY=0 AC=0 
CY=1 AC=0 4F --> 4F CY=0 AC=0 
CY=0 AC=1 4F --> 4F CY=0 AC=0 
CY=1 AC=1 4F --> 4F CY=0 AC=0 
CY=0 AC=0 50 --> 50 CY=0 AC=0 
CY=1 AC=0 50 --> 50 CY=0 AC=0 
CY=0 AC=1 50 --> 50 CY=0 AC=0 
CY=1 AC=1 50 --> 50 CY=0 AC=0 
CY=0 AC=0 51 --> 51 CY=0 AC=0 
CY=1 AC=0 51 --> 51 CY=0 AC=0 
CY=0 AC=1 51 --> 51 CY=0 AC=0 
CY=1 AC=1 51 --> 51 CY=0 AC=0 
CY=0 AC=0 52 --> 52 CY=0 AC=0 
CY=1 AC=0 52 --> 52 CY=0 AC=0 
CY=0 AC=1 52 --> 52 CY=0 AC=0 
CY=1 AC=1 52 --> 52 CY=0 AC=0 
CY=0 AC=0 53 --> 53 CY=0 AC=0 
CY=1 AC=0 53 --> 53 CY=0 AC=0 
CY=0 AC=1 53 --> 53 CY=0 AC=0 
CY=1 AC=1 53 --> 53 CY=0 AC=0 
CY=0 AC=0 54 --> 54 CY=0 AC=0 
CY=1 AC=0 54 --> 54 CY=0 AC=0 
CY=0 AC=1 54 --> 54 CY=0 AC=0 
CY=1 AC=1 54 --> 54 CY=0 AC=0 
CY=0 AC=0 55 --> 55 CY=0 AC=0 
CY=1 AC=0 55 --> 55 CY=0 AC=0 
CY=0 AC=1 55 --> 55 CY=0 AC=0 
CY=1 AC=1 55 --> 55 CY=0 AC=0 
CY=0 AC=0 56 --> 56 CY=0 AC=0 
CY=1 AC=0 56 --> 56 CY=0 AC=0 
CY=0 AC=1 56 --> 56 CY=0 AC=0 
CY=1 AC=1 56 --> 56 CY=0 AC=0 
CY=0 AC=0 57 --> 57 CY=0 AC=0 
CY=1 AC=0 57 --> 57 CY=0 AC=0 
CY=0 AC=1 57 --> 57 CY=0 AC=0 
CY=1 AC=1 57 --> 57 CY=0 AC=0 
CY=0 AC=0 58 --> 58 CY=0 AC=0 
CY=1 AC=0 58 --> 58 CY=0 AC=0 
CY=0 AC=1 58 --> 58 CY=0 AC=0 
CY=1 AC=1 58 --> 58 CY=0 AC=0 
CY=0 AC=0 59 --> 59 CY=0 AC=0 
CY=1 AC=0 59 --> 59 CY=0 AC=0 
CY=0 AC=1 59 --> 59 CY=0 AC=0 
CY=1 AC=1 59 --> 59 CY=0 AC=0 
CY=0 AC=0 5A --> 5A CY=0 AC=0 
CY=1 AC=0 5A --> 5A CY=0 AC=0 
CY=0 AC=1 5A --> 5A CY=0 AC=0 
CY=1 AC=1 5A --> 5A CY=0 AC=0 
CY=0 AC=0 5B --> 5B CY=0 AC=0 
CY=1 AC=0 5B --> 5B CY=0 AC=0 
CY=0 AC=1 5B --> 5B CY=0 AC=0 
CY=1 AC=1 5B --> 5B CY=0 AC=0 
CY=0 AC=0 5C --> 5C CY=0 AC=0 
CY=1 AC=0 5C --> 5C CY=0 AC=0 
CY=0 AC=1 5C --> 5C CY=0 AC=0 
CY=1 AC=1 5C --> 5C CY=0 AC=0 
CY=0 AC=0 5D --> 5D CY=0 AC=0 
CY=1 AC=0 5D --> 5D CY=0 AC=0 
CY=0 AC=1 5D --> 5D CY=0 AC=0 
CY=1 AC=1 5D --> 5D CY=0 AC=0 
CY=0 AC=0 5E --> 5E CY=0 AC=0 
CY=1 AC=0 5E --> 5E CY=0 AC=0 
CY=0 AC=1 5E --> 5E CY=0 AC=0 
CY=1 AC=1 5E --> 5E CY=0 AC=0 
CY=0 AC=0 5F --> 5F CY=0 AC=0 
CY=1 AC=0 5F --> 5F CY=0 AC=0 
CY=0 AC=1 5F --> 5F CY=0 AC=0 
CY=1 AC=1 5F --> 5F CY=0 AC=0 
CY=0 AC=0 60 --> 60 CY=0 AC=0 
CY=1 AC=0 60 --> 60 CY=0 AC=0 
CY=0 AC=1 60 --> 60 CY=0 AC=0 
CY=1 AC=1 60 --> 60 CY=0 AC=0 
CY=0 AC=0 61 --> 61 CY=0 AC=0 
CY=1 AC=0 61 --> 61 CY=0 AC=0 
CY=0 AC=1 61 --> 61 CY=0 AC=0 
CY=1 AC=1 61 --> 61 CY=0 AC=0 
CY=0 AC=0 62 --> 62 CY=0 AC=0 
CY=1 AC=0 62 --> 62 CY=0 AC=0 
CY=0 AC=1 62 --> 62 CY=0 AC=0 
CY=1 AC=1 62 --> 62 CY=0 AC=0 
CY=0 AC=0 63 --> 63 CY=0 AC=0 
CY=1 AC=0 63 --> 63 CY=0 AC=0 
CY=0 AC=1 63 --> 63 CY=0 AC=0 
CY=1 AC=1 63 --> 63 CY=0 AC=0 
CY=0 AC=0 64 --> 64 CY=0 AC=0 
CY=1 AC=0 64 --> 64 CY=0 AC=0 
CY=0 AC=1 64 --> 64 CY=0 AC=0 
CY=1 AC=1 64 --> 64 CY=0 AC=0 
CY=0 AC=0 65 --> 65 CY=0 AC=0 
CY=1 AC=0 65 --> 65 CY=0 AC=0 
CY=0 AC=1 65 --> 65 CY=0 AC=0 
CY=1 AC=1 65 --> 65 CY=0 AC=0 
CY=0 AC=0 66 --> 66 CY=0 AC=0 
CY=1 AC=0 66 --> 66 CY=0 AC=0 
CY=0 AC=1 66 --> 66 CY=0 AC=0 
CY=1 AC=1 66 --> 66 CY=0 AC=0 
CY=0 AC=0 67 --> 67 CY=0 AC=0 
CY=1 AC=0 67 --> 67 CY=0 AC=0 
CY=0 AC=1 67 --> 67 CY=0 AC=0 
CY=1 AC=1 67 --> 67 CY=0 AC=0 
CY=0 AC=0 68 --> 68 CY=0 AC=0 
CY=1 AC=0 68 --> 68 CY=0 AC=0 
CY=0 AC=1 68 --> 68 CY=0 AC=0 
CY=1 AC=1 68 --> 68 CY=0 AC=0 
CY=0 AC=0 69 --> 69 CY=0 AC=0 
CY=1 AC=0 69 --> 69 CY=0 AC=0 
CY=0 AC=1 69 --> 69 CY=0 AC=0 
CY=1 AC=1 69 --> 69 CY=0 AC=0 
CY=0 AC=0 6A --> 6A CY=0 AC=0 
CY=1 AC=0 6A --> 6A CY=0 AC=0 
CY=0 AC=1 6A --> 6A CY=0 AC=0 
CY=1 AC=1 6A --> 6A CY=0 AC=0 
CY=0 AC=0 6B --> 6B CY=0 AC=0 
CY=1 AC=0 6B --> 6B CY=0 AC=0 
CY=0 AC=1 6B --> 6B CY=0 AC=0 
CY=1 AC=1 6B --> 6B CY=0 AC=0 
CY=0 AC=0 6C --> 6C CY=0 AC=0 
CY=1 AC=0 6C --> 6C CY=0 AC=0 
CY=0 AC=1 6C --> 6C CY=0 AC=0 
CY=1 AC=1 6C --> 6C CY=0 AC=0 
CY=0 AC=0 6D --> 6D CY=0 AC=0 
CY=1 AC=0 6D --> 6D CY=0 AC=0 
CY=0 AC=1 6D --> 6D CY=0 AC=0 
CY=1 AC=1 6D --> 6D CY=0 AC=0 
CY=0 AC=0 6E --> 6E CY=0 AC=0 
CY=1 AC=0 6E --> 6E CY=0 AC=0 
CY=0 AC=1 6E --> 6E CY=0 AC=0 
CY=1 AC=1 6E --> 6E CY=0 AC=0 
CY=0 AC=0 6F --> 6F CY=0 AC=0 
CY=1 AC=0 6F --> 6F CY=0 AC=0 
CY=0 AC=1 6F --> 6F CY=0 AC=0 
CY=1 AC=1 6F --> 6F CY=0 AC=0 
CY=0 AC=0 70 --> 70 CY=0 AC=0 
CY=1 AC=0 70 --> 70 CY=0 AC=0 
CY=0 AC=1 70 --> 70 CY=0 AC=0 
CY=1 AC=1 70 --> 70 CY=0 AC=0 
CY=0 AC=0 71 --> 71 CY=0 AC=0 
CY=1 AC=0 71 --> 71 CY=0 AC=0 
CY=0 AC=1 71 --> 71 CY=0 AC=0 
CY=1 AC=1 71 --> 71 CY=0 AC=0 
CY=0 AC=0 72 --> 72 CY=0 AC=0 
CY=1 AC=0 72 --> 72 CY=0 AC=0 
CY=0 AC=1 72 --> 72 CY=0 AC=0 
CY=1 AC=1 72 --> 72 CY=0 AC=0 
CY=0 AC=0 73 --> 73 CY=0 AC=0 
CY=1 AC=0 73 --> 73 CY=0 AC=0 
CY=0 AC=1 73 --> 73 CY=0 AC=0 
CY=1 AC=1 73 --> 73 CY=0 AC=0 
CY=0 AC=0 74 --> 74 CY=0 AC=0 
CY=1 AC=0 74 --> 74 CY=0 AC=0 
CY=0 AC=1 74 --> 74 CY=0 AC=0 
CY=1 AC=1 74 --> 74 CY=0 AC=0 
CY=0 AC=0 75 --> 75 CY=0 AC=0 
CY=1 AC=0 75 --> 75 CY=0 AC=0 
CY=0 AC=1 75 --> 75 CY=0 AC=0 
CY=1 AC=1 75 --> 75 CY=0 AC=0 
CY=0 AC=0 76 --> 76 CY=0 AC=0 
CY=1 AC=0 76 --> 76 CY=0 AC=0 
CY=0 AC=1 76 --> 76 CY=0 AC=0 
CY=1 AC=1 76 --> 76 CY=0 AC=0 
CY=0 AC=0 77 --> 77 CY=0 AC=0 
CY=1 AC=0 77 --> 77 CY=0 AC=0 
CY=0 AC=1 77 --> 77 CY=0 AC=0 
CY=1 AC=1 77 --> 77 CY=0 AC=0 
CY=0 AC=0 78 --> 78 CY=0 AC=0 
CY=1 AC=0 78 --> 78 CY=0 AC=0 
CY=0 AC=1 78 --> 78 CY=0 AC=0 
CY=1 AC=1 78 --> 78 CY=0 AC=0 
CY=0 AC=0 79 --> 79 CY=0 AC=0 
CY=1 AC=0 79 --> 79 CY=0 AC=0 
CY=0 AC=1 79 --> 79 CY=0 AC=0 
CY=1 AC=1 79 --> 79 CY=0 AC=0 
CY=0 AC=0 7A --> 7A CY=0 AC=0 
CY=1 AC=0 7A --> 7A CY=0 AC=0 
CY=0 AC=1 7A --> 7A CY=0 AC=0 
CY=1 AC=1 7A --> 7A CY=0 AC=0 
CY=0 AC=0 7B --> 7B CY=0 AC=0 
CY=1 AC=0 7B --> 7B CY=0 AC=0 
CY=0 AC=1 7B --> 7B CY=0 AC=0 
CY=1 AC=1 7B --> 7B CY=0 AC=0 
CY=0 AC=0 7C --> 7C CY=0 AC=0 
CY=1 AC=0 7C --> 7C CY=0 AC=0 
CY=0 AC=1 7C --> 7C CY=0 AC=0 
CY=1 AC=1 7C --> 7C CY=0 AC=0 
CY=0 AC=0 7D --> 7D CY=0 AC=0 
CY=1 AC=0 7D --> 7D CY=0 AC=0 
CY=0 AC=1 7D --> 7D CY=0 AC=0 
CY=1 AC=1 7D --> 7D CY=0 AC=0 
CY=0 AC=0 7E --> 7E CY=0 AC=0 
CY=1 AC=0 7E --> 7E CY=0 AC=0 
CY=0 AC=1 7E --> 7E CY=0 AC=0 
CY=1 AC=1 7E --> 7E CY=0 AC=0 
CY=0 AC=0 7F --> 7F CY=0 AC=0 
CY=1 AC=0 7F --> 7F CY=0 AC=0 
CY=0 AC=1 7F --> 7F CY=0 AC=0 
CY=1 AC=1 7F --> 7F CY=0 AC=0 
CY=0 AC=0 80 --> 80 CY=0 AC=0 
CY=1 AC=0 80 --> 80 CY=0 AC=0 
CY=0 AC=1 80 --> 80 CY=0 AC=0 
CY=1 AC=1 80 --> 80 CY=0 AC=0 
CY=0 AC=0 81 --> 81 CY=0 AC=0 
CY=1 AC=0 81 --> 81 CY=0 AC=0 
CY=0 AC=1 81 --> 81 CY=0 AC=0 
CY=1 AC=1 81 --> 81 CY=0 AC=0 
CY=0 AC=0 82 --> 82 CY=0 AC=0 
CY=1 AC=0 82 --> 82 CY=0 AC=0 
CY=0 AC=1 82 --> 82 CY=0 AC=0 
CY=1 AC=1 82 --> 82 CY=0 AC=0 
CY=0 AC=0 83 --> 83 CY=0 AC=0 
CY=1 AC=0 83 --> 83 CY=0 AC=0 
CY=0 AC=1 83 --> 83 CY=0 AC=0 
CY=1 AC=1 83 --> 83 CY=0 AC=0 
CY=0 AC=0 84 --> 84 CY=0 AC=0 
CY=1 AC=0 84 --> 84 CY=0 AC=0 
CY=0 AC=1 84 --> 84 CY=0 AC=0 
CY=1 AC=1 84 --> 84 CY=0 AC=0 
CY=0 AC=0 85 --> 85 CY=0 AC=0 
CY=1 AC=0 85 --> 85 CY=0 AC=0 
CY=0 AC=1 85 --> 85 CY=0 AC=0 
CY=1 AC=1 85 --> 85 CY=0 AC=0 
CY=0 AC=0 86 --> 86 CY=0 AC=0 
CY=1 AC=0 86 --> 86 CY=0 AC=0 
CY=0 AC=1 86 --> 86 CY=0 AC=0 
CY=1 AC=1 86 --> 86 CY=0 AC=0 
CY=0 AC=0 87 --> 87 CY=0 AC=0 
CY=1 AC=0 87 --> 87 CY=0 AC=0 
CY=0 AC=1 87 --> 87 CY=0 AC=0 
CY=1 AC=1 87 --> 87 CY=0 AC=0 
CY=0 AC=0 88 --> 88 CY=0 AC=0 
CY=1 AC=0 88 --> 88 CY=0 AC=0 
CY=0 AC=1 88 --> 88 CY=0 AC=0 
CY=1 AC=1 88 --> 88 CY=0 AC=0 
CY=0 AC=0 89 --> 89 CY=0 AC=0 
CY=1 AC=0 89 --> 89 CY=0 AC=0 
CY=0 AC=1 89 --> 89 CY=0 AC=0 
CY=1 AC=1 89 --> 89 CY=0 AC=0 
CY=0 AC=0 8A --> 8A CY=0 AC=0 
CY=1 AC=0 8A --> 8A CY=0 AC=0 
CY=0 AC=1 8A --> 8A CY=0 AC=0 
CY=1 AC=1 8A --> 8A CY=0 AC=0 
CY=0 AC=0 8B --> 8B CY=0 AC=0 
CY=1 AC=0 8B --> 8B CY=0 AC=0 
CY=0 AC=1 8B --> 8B CY=0 AC=0 
CY=1 AC=1 8B --> 8B CY=0 AC=0 
CY=0 AC=0 8C --> 8C CY=0 AC=0 
CY=1 AC=0 8C --> 8C CY=0 AC=0 
CY=0 AC=1 8C --> 8C CY=0 AC=0 
CY=1 AC=1 8C --> 8C CY=0 AC=0 
CY=0 AC=0 8D --> 8D CY=0 AC=0 
CY=1 AC=0 8D --> 8D CY=0 AC=0 
CY=0 AC=1 8D --> 8D CY=0 AC=0 
CY=1 AC=1 8D --> 8D CY=0 AC=0 
CY=0 AC=0 8E --> 8E CY=0 AC=0 
CY=1 AC=0 8E --> 8E CY=0 AC=0 
CY=0 AC=1 8E --> 8E CY=0 AC=0 
CY=1 AC=1 8E --> 8E CY=0 AC=0 
CY=0 AC=0 8F --> 8F CY=0 AC=0 
CY=1 AC=0 8F --> 8F CY=0 AC=0 
CY=0 AC=1 8F --> 8F CY=0 AC=0 
CY=1 AC=1 8F --> 8F CY=0 AC=0 
CY=0 AC=0 90 --> 90 CY=0 AC=0 
CY=1 AC=0 90 --> 90 CY=0 AC=0 
CY=0 AC=1 90 --> 90 CY=0 AC=0 
CY=1 AC=1 90 --> 90 CY=0 AC=0 
CY=0 AC=0 91 --> 91 CY=0 AC=0 
CY=1 AC=0 91 --> 91 CY=0 AC=0 
CY=0 AC=1 91 --> 91 CY=0 AC=0 
CY=1 AC=1 91 --> 91 CY=0 AC=0 
CY=0 AC=0 92 --> 92 CY=0 AC=0 
CY=1 AC=0 92 --> 92 CY=0 AC=0 
CY=0 AC=1 92 --> 92 CY=0 AC=0 
CY=1 AC=1 92 --> 92 CY=0 AC=0 
CY=0 AC=0 93 --> 93 CY=0 AC=0 
CY=1 AC=0 93 --> 93 CY=0 AC=0 
CY=0 AC=1 93 --> 93 CY=0 AC=0 
CY=1 AC=1 93 --> 93 CY=0 AC=0 
CY=0 AC=0 94 --> 94 CY=0 AC=0 
CY=1 AC=0 94 --> 94 CY=0 AC=0 
CY=0 AC=1 94 --> 94 CY=0 AC=0 
CY=1 AC=1 94 --> 94 CY=0 AC=0 
CY=0 AC=0 95 --> 95 CY=0 AC=0 
CY=1 AC=0 95 --> 95 CY=0 AC=0 
CY=0 AC=1 95 --> 95 CY=0 AC=0 
CY=1 AC=1 95 --> 95 CY=0 AC=0 
CY=0 AC=0 96 --> 96 CY=0 AC=0 
CY=1 AC=0 96 --> 96 CY=0 AC=0 
CY=0 AC=1 96 --> 96 CY=0 AC=0 
CY=1 AC=1 96 --> 96 CY=0 AC=0 
CY=0 AC=0 97 --> 97 CY=0 AC=0 
CY=1 AC=0 97 --> 97 CY=0 AC=0 
CY=0 AC=1 97 --> 97 CY=0 AC=0 
CY=1 AC=1 97 --> 97 CY=0 AC=0 
CY=0 AC=0 98 --> 98 CY=0 AC=0 
CY=1 AC=0 98 --> 98 CY=0 AC=0 
CY=0 AC=1 98 --> 98 CY=0 AC=0 
CY=1 AC=1 98 --> 98 CY=0 AC=0 
CY=0 AC=0 99 --> 99 CY=0 AC=0 
CY=1 AC=0 99 --> 99 CY=0 AC=0 
CY=0 AC=1 99 --> 99 CY=0 AC=0 
CY=1 AC=1 99 --> 99 CY=0 AC=0 
CY=0 AC=0 9A --> 9A CY=0 AC=0 
CY=1 AC=0 9A --> 9A CY=0 AC=0 
CY=0 AC=1 9A --> 9A CY=0 AC=0 
CY=1 AC=1 9A --> 9A CY=0 AC=0 
CY=0 AC=0 9B --> 9B CY=0 AC=0 
CY=1 AC=0 9B --> 9B CY=0 AC=0 
CY=0 AC=1 9B --> 9B CY=0 AC=0 
CY=1 AC=1 9B --> 9B CY=0 AC=0 
CY=0 AC=0 9C --> 9C CY=0 AC=0 
CY=1 AC=0 9C --> 9C CY=0 AC=0 
CY=0 AC=1 9C --> 9C CY=0 AC=0 
CY=1 AC=1 9C --> 9C CY=0 AC=0 
CY=0 AC=0 9D --> 9D CY=0 AC=0 
CY=1 AC=0 9D --> 9D CY=0 AC=0 
CY=0 AC=1 9D --> 9D CY=0 AC=0 
CY=1 AC=1 9D --> 9D CY=0 AC=0 
CY=0 AC=0 9E --> 9E CY=0 AC=0 
CY=1 AC=0 9E --> 9E CY=0 AC=0 
CY=0 AC=1 9E --> 9E CY=0 AC=0 
CY=1 AC=1 9E --> 9E CY=0 AC=0 
CY=0 AC=0 9F --> 9F CY=0 AC=0 
CY=1 AC=0 9F --> 9F CY=0 AC=0 
CY=0 AC=1 9F --> 9F CY=0 AC=0 
CY=1 AC=1 9F --> 9F CY=0 AC=0 
CY=0 AC=0 A0 --> A0 CY=0 AC=0 
CY=1 AC=0 A0 --> A0 CY=0 AC=0 
CY=0 AC=1 A0 --> A0 CY=0 AC=0 
CY=1 AC=1 A0 --> A0 CY=0 AC=0 
CY=0 AC=0 A1 --> A1 CY=0 AC=0 
CY=1 AC=0 A1 --> A1 CY=0 AC=0 
CY=0 AC=1 A1 --> A1 CY=0 AC=0 
CY=1 AC=1 A1 --> A1 CY=0 AC=0 
CY=0 AC=0 A2 --> A2 CY=0 AC=0 
CY=1 AC=0 A2 --> A2 CY=0 AC=0 
CY=0 AC=1 A2 --> A2 CY=0 AC=0 
CY=1 AC=1 A2 --> A2 CY=0 AC=0 
CY=0 AC=0 A3 --> A3 CY=0 AC=0 
CY=1 AC=0 A3 --> A3 CY=0 AC=0 
CY=0 AC=1 A3 --> A3 CY=0 AC=0 
CY=1 AC=1 A3 --> A3 CY=0 AC=0 
CY=0 AC=0 A4 --> A4 CY=0 AC=0 
CY=1 AC=0 A4 --> A4 CY=0 AC=0 
CY=0 AC=1 A4 --> A4 CY=0 AC=0 
CY=1 AC=1 A4 --> A4 CY=0 AC=0 
CY=0 AC=0 A5 --> A5 CY=0 AC=0 
CY=1 AC=0 A5 --> A5 CY=0 AC=0 
CY=0 AC=1 A5 --> A5 CY=0 AC=0 
CY=1 AC=1 A5 --> A5 CY=0 AC=0 
CY=0 AC=0 A6 --> A6 CY=0 AC=0 
CY=1 AC=0 A6 --> A6 CY=0 AC=0 
CY=0 AC=1 A6 --> A6 CY=0 AC=0 
CY=1 AC=1 A6 --> A6 CY=0 AC=0 
CY=0 AC=0 A7 --> A7 CY=0 AC=0 
CY=1 AC=0 A7 --> A7 CY=0 AC=0 
CY=0 AC=1 A7 --> A7 CY=0 AC=0 
CY=1 AC=1 A7 --> A7 CY=0 AC=0 
CY=0 AC=0 A8 --> A8 CY=0 AC=0 
CY=1 AC=0 A8 --> A8 CY=0 AC=0 
CY=0 AC=1 A8 --> A8 CY=0 AC=0 
CY=1 AC=1 A8 --> A8 CY=0 AC=0 
CY=0 AC=0 A9 --> A9 CY=0 AC=0 
CY=1 AC=0 A9 --> A9 CY=0 AC=0 
CY=0 AC=1 A9 --> A9 CY=0 AC=0 
CY=1 AC=1 A9 --> A9 CY=0 AC=0 
CY=0 AC=0 AA --> AA CY=0 AC=0 
CY=1 AC=0 AA --> AA CY=0 AC=0 
CY=0 AC=1 AA --> AA CY=0 AC=0 
CY=1 AC=1 AA --> AA CY=0 AC=0 
CY=0 AC=0 AB --> AB CY=0 AC=0 
CY=1 AC=0 AB --> AB CY=0 AC=0 
CY=0 AC=1 AB --> AB CY=0 AC=0 
CY=1 AC=1 AB --> AB CY=0 AC=0 
CY=0 AC=0 AC --> AC CY=0 AC=0 
CY=1 AC=0 AC --> AC CY=0 AC=0 
CY=0 AC=1 AC --> AC CY=0 AC=0 
CY=1 AC=1 AC --> AC CY=0 AC=0 
CY=0 AC=0 AD --> AD CY=0 AC=0 
CY=1 AC=0 AD --> AD CY=0 AC=0 
CY=0 AC=1 AD --> AD CY=0 AC=0 
CY=1 AC=1 AD --> AD CY=0 AC=0 
CY=0 AC=0 AE --> AE CY=0 AC=0 
CY=1 AC=0 AE --> AE CY=0 AC=0 
CY=0 AC=1 AE --> AE CY=0 AC=0 
CY=1 AC=1 AE --> AE CY=0 AC=0 
CY=0 AC=0 AF --> AF CY=0 AC=0 
CY=1 AC=0 AF --> AF CY=0 AC=0 
CY=0 AC=1 AF --> AF CY=0 AC=0 
CY=1 AC=1 AF --> AF CY=0 AC=0 
CY=0 AC=0 B0 --> B0 CY=0 AC=0 
CY=1 AC=0 B0 --> B0 CY=0 AC=0 
CY=0 AC=1 B0 --> B0 CY=0 AC=0 
CY=1 AC=1 B0 --> B0 CY=0 AC=0 
CY=0 AC=0 B1 --> B1 CY=0 AC=0 
CY=1 AC=0 B1 --> B1 CY=0 AC=0 
CY=0 AC=1 B1 --> B1 CY=0 AC=0 
CY=1 AC=1 B1 --> B1 CY=0 AC=0 
CY=0 AC=0 B2 --> B2 CY=0 AC=0 
CY=1 AC=0 B2 --> B2 CY=0 AC=0 
CY=0 AC=1 B2 --> B2 CY=0 AC=0 
CY=1 AC=1 B2 --> B2 CY=0 AC=0 
CY=0 AC=0 B3 --> B3 CY=0 AC=0 
CY=1 AC=0 B3 --> B3 CY=0 AC=0 
CY=0 AC=1 B3 --> B3 CY=0 AC=0 
CY=1 AC=1 B3 --> B3 CY=0 AC=0 
CY=0 AC=0 B4 --> B4 CY=0 AC=0 
CY=1 AC=0 B4 --> B4 CY=0 AC=0 
CY=0 AC=1 B4 --> B4 CY=0 AC=0 
CY=1 AC=1 B4 --> B4 CY=0 AC=0 
CY=0 AC=0 B5 --> B5 CY=0 AC=0 
CY=1 AC=0 B5 --> B5 CY=0 AC=0 
CY=0 AC=1 B5 --> B5 CY=0 AC=0 
CY=1 AC=1 B5 --> B5 CY=0 AC=0 
CY=0 AC=0 B6 --> B6 CY=0 AC=0 
CY=1 AC=0 B6 --> B6 CY=0 AC=0 
CY=0 AC=1 B6 --> B6 CY=0 AC=0 
CY=1 AC=1 B6 --> B6 CY=0 AC=0 
CY=0 AC=0 B7 --> B7 CY=0 AC=0 
CY=1 AC=0 B7 --> B7 CY=0 AC=0 
CY=0 AC=1 B7 --> B7 CY=0 AC=0 
CY=1 AC=1 B7 --> B7 CY=0 AC=0 
CY=0 AC=0 B8 --> B8 CY=0 AC=0 
CY=1 AC=0 B8 --> B8 CY=0 AC=0 
CY=0 AC=1 B8 --> B8 CY=0 AC=0 
CY=1 AC=1 B8 --> B8 CY=0 AC=0 
CY=0 AC=0 B9 --> B9 CY=0 AC=0 
CY=1 AC=0 B9 --> B9 CY=0 AC=0 
CY=0 AC=1 B9 --> B9 CY=0 AC=0 
CY=1 AC=1 B9 --> B9 CY=0 AC=0 
CY=0 AC=0 BA --> BA CY=0 AC=0 
CY=1 AC=0 BA --> BA CY=0 AC=0 
CY=0 AC=1 BA --> BA CY=0 AC=0 
CY=1 AC=1 BA --> BA CY=0 AC=0 
CY=0 AC=0 BB --> BB CY=0 AC=0 
CY=1 AC=0 BB --> BB CY=0 AC=0 
CY=0 AC=1 BB --> BB CY=0 AC=0 
CY=1 AC=1 BB --> BB CY=0 AC=0 
CY=0 AC=0 BC --> BC CY=0 AC=0 
CY=1 AC=0 BC --> BC CY=0 AC=0 
CY=0 AC=1 BC --> BC CY=0 AC=0 
CY=1 AC=1 BC --> BC CY=0 AC=0 
CY=0 AC=0 BD --> BD CY=0 AC=0 
CY=1 AC=0 BD --> BD CY=0 AC=0 
CY=0 AC=1 BD --> BD CY=0 AC=0 
CY=1 AC=1 BD --> BD CY=0 AC=0 
CY=0 AC=0 BE --> BE CY=0 AC=0 
CY=1 AC=0 BE --> BE CY=0 AC=0 
CY=0 AC=1 BE --> BE CY=0 AC=0 
CY=1 AC=1 BE --> BE CY=0 AC=0 
CY=0 AC=0 BF --> BF CY=0 AC=0 
CY=1 AC=0 BF --> BF CY=0 AC=0 
CY=0 AC=1 BF --> BF CY=0 AC=0 
CY=1 AC=1 BF --> BF CY=0 AC=0 
CY=0 AC=0 C0 --> C0 CY=0 AC=0 
CY=1 AC=0 C0 --> C0 CY=0 AC=0 
CY=0 AC=1 C0 --> C0 CY=0 AC=0 
CY=1 AC=1 C0 --> C0 CY=0 AC=0 
CY=0 AC=0 C1 --> C1 CY=0 AC=0 
CY=1 AC=0 C1 --> C1 CY=0 AC=0 
CY=0 AC=1 C1 --> C1 CY=0 AC=0 
CY=1 AC=1 C1 --> C1 CY=0 AC=0 
CY=0 AC=0 C2 --> C2 CY=0 AC=0 
CY=1 AC=0 C2 --> C2 CY=0 AC=0 
CY=0 AC=1 C2 --> C2 CY=0 AC=0 
CY=1 AC=1 C2 --> C2 CY=0 AC=0 
CY=0 AC=0 C3 --> C3 CY=0 AC=0 
CY=1 AC=0 C3 --> C3 CY=0 AC=0 
CY=0 AC=1 C3 --> C3 CY=0 AC=0 
CY=1 AC=1 C3 --> C3 CY=0 AC=0 
CY=0 AC=0 C4 --> C4 CY=0 AC=0 
CY=1 AC=0 C4 --> C4 CY=0 AC=0 
CY=0 AC=1 C4 --> C4 CY=0 AC=0 
CY=1 AC=1 C4 --> C4 CY=0 AC=0 
CY=0 AC=0 C5 --> C5 CY=0 AC=0 
CY=1 AC=0 C5 --> C5 CY=0 AC=0 
CY=0 AC=1 C5 --> C5 CY=0 AC=0 
CY=1 AC=1 C5 --> C5 CY=0 AC=0 
CY=0 AC=0 C6 --> C6 CY=0 AC=0 
CY=1 AC=0 C6 --> C6 CY=0 AC=0 
CY=0 AC=1 C6 --> C6 CY=0 AC=0 
CY=1 AC=1 C6 --> C6 CY=0 AC=0 
CY=0 AC=0 C7 --> C7 CY=0 AC=0 
CY=1 AC=0 C7 --> C7 CY=0 AC=0 
CY=0 AC=1 C7 --> C7 CY=0 AC=0 
CY=1 AC=1 C7 --> C7 CY=0 AC=0 
CY=0 AC=0 C8 --> C8 CY=0 AC=0 
CY=1 AC=0 C8 --> C8 CY=0 AC=0 
CY=0 AC=1 C8 --> C8 CY=0 AC=0 
CY=1 AC=1 C8 --> C8 CY=0 AC=0 
CY=0 AC=0 C9 --> C9 CY=0 AC=0 
CY=1 AC=0 C9 --> C9 CY=0 AC=0 
CY=0 AC=1 C9 --> C9 CY=0 AC=0 
CY=1 AC=1 C9 --> C9 CY=0 AC=0 
CY=0 AC=0 CA --> CA CY=0 AC=0 
CY=1 AC=0 CA --> CA CY=0 AC=0 
CY=0 AC=1 CA --> CA CY=0 AC=0 
CY=1 AC=1 CA --> CA CY=0 AC=0 
CY=0 AC=0 CB --> CB CY=0 AC=0 
CY=1 AC=0 CB --> CB CY=0 AC=0 
CY=0 AC=1 CB --> CB CY=0 AC=0 
CY=1 AC=1 CB --> CB CY=0 AC=0 
CY=0 AC=0 CC --> CC CY=0 AC=0 
CY=1 AC=0 CC --> CC CY=0 AC=0 
CY=0 AC=1 CC --> CC CY=0 AC=0 
CY=1 AC=1 CC --> CC CY=0 AC=0 
CY=0 AC=0 CD --> CD CY=0 AC=0 
CY=1 AC=0 CD --> CD CY=0 AC=0 
CY=0 AC=1 CD --> CD CY=0 AC=0 
CY=1 AC=1 CD --> CD CY=0 AC=0 
CY=0 AC=0 CE --> CE CY=0 AC=0 
CY=1 AC=0 CE --> CE CY=0 AC=0 
CY=0 AC=1 CE --> CE CY=0 AC=0 
CY=1 AC=1 CE --> CE CY=0 AC=0 
CY=0 AC=0 CF --> CF CY=0 AC=0 
CY=1 AC=0 CF --> CF CY=0 AC=0 
CY=0 AC=1 CF --> CF CY=0 AC=0 
CY=1 AC=1 CF --> CF CY=0 AC=0 
CY=0 AC=0 D0 --> D0 CY=0 AC=0 
CY=1 AC=0 D0 --> D0 CY=0 AC=0 
CY=0 AC=1 D0 --> D0 CY=0 AC=0 
CY=1 AC=1 D0 --> D0 CY=0 AC=0 
CY=0 AC=0 D1 --> D1 CY=0 AC=0 
CY=1 AC=0 D1 --> D1 CY=0 AC=0 
CY=0 AC=1 D1 --> D1 CY=0 AC=0 
CY=1 AC=1 D1 --> D1 CY=0 AC=0 
CY=0 AC=0 D2 --> D2 CY=0 AC=0 
CY=1 AC=0 D2 --> D2 CY=0 AC=0 
CY=0 AC=1 D2 --> D2 CY=0 AC=0 
CY=1 AC=1 D2 --> D2 CY=0 AC=0 
CY=0 AC=0 D3 --> D3 CY=0 AC=0 
CY=1 AC=0 D3 --> D3 CY=0 AC=0 
CY=0 AC=1 D3 --> D3 CY=0 AC=0 
CY=1 AC=1 D3 --> D3 CY=0 AC=0 
CY=0 AC=0 D4 --> D4 CY=0 AC=0 
CY=1 AC=0 D4 --> D4 CY=0 AC=0 
CY=0 AC=1 D4 --> D4 CY=0 AC=0 
CY=1 AC=1 D4 --> D4 CY=0 AC=0 
CY=0 AC=0 D5 --> D5 CY=0 AC=0 
CY=1 AC=0 D5 --> D5 CY=0 AC=0 
CY=0 AC=1 D5 --> D5 CY=0 AC=0 
CY=1 AC=1 D5 --> D5 CY=0 AC=0 
CY=0 AC=0 D6 --> D6 CY=0 AC=0 
CY=1 AC=0 D6 --> D6 CY=0 AC=0 
CY=0 AC=1 D6 --> D6 CY=0 AC=0 
CY=1 AC=1 D6 --> D6 CY=0 AC=0 
CY=0 AC=0 D7 --> D7 CY=0 AC=0 
CY=1 AC=0 D7 --> D7 CY=0 AC=0 
CY=0 AC=1 D7 --> D7 CY=0 AC=0 
CY=1 AC=1 D7 --> D7 CY=0 AC=0 
CY=0 AC=0 D8 --> D8 CY=0 AC=0 
CY=1 AC=0 D8 --> D8 CY=0 AC=0 
CY=0 AC=1 D8 --> D8 CY=0 AC=0 
CY=1 AC=1 D8 --> D8 CY=0 AC=0 
CY=0 AC=0 D9 --> D9 CY=0 AC=0 
CY=1 AC=0 D9 --> D9 CY=0 AC=0 
CY=0 AC=1 D9 --> D9 CY=0 AC=0 
CY=1 AC=1 D9 --> D9 CY=0 AC=0 
CY=0 AC=0 DA --> DA CY=0 AC=0 
CY=1 AC=0 DA --> DA CY=0 AC=0 
CY=0 AC=1 DA --> DA CY=0 AC=0 
CY=1 AC=1 DA --> DA CY=0 AC=0 
CY=0 AC=0 DB --> DB CY=0 AC=0 
CY=1 AC=0 DB --> DB CY=0 AC=0 
CY=0 AC=1 DB --> DB CY=0 AC=0 
CY=1 AC=1 DB --> DB CY=0 AC=0 
CY=0 AC=0 DC --> DC CY=0 AC=0 
CY=1 AC=0 DC --> DC CY=0 AC=0 
CY=0 AC=1 DC --> DC CY=0 AC=0 
CY=1 AC=1 DC --> DC CY=0 AC=0 
CY=0 AC=0 DD --> DD CY=0 AC=0 
CY=1 AC=0 DD --> DD CY=0 AC=0 
CY=0 AC=1 DD --> DD CY=0 AC=0 
CY=1 AC=1 DD --> DD CY=0 AC=0 
CY=0 AC=0 DE --> DE CY=0 AC=0 
CY=1 AC=0 DE --> DE CY=0 AC=0 
CY=0 AC=1 DE --> DE CY=0 AC=0 
CY=1 AC=1 DE --> DE CY=0 AC=0 
CY=0 AC=0 DF --> DF CY=0 AC=0 
CY=1 AC=0 DF --> DF CY=0 AC=0 
CY=0 AC=1 DF --> DF CY=0 AC=0 
CY=1 AC=1 DF --> DF CY=0 AC=0 
CY=0 AC=0 E0 --> E0 CY=0 AC=0 
CY=1 AC=0 E0 --> E0 CY=0 AC=0 
CY=0 AC=1 E0 --> E0 CY=0 AC=0 
CY=1 AC=1 E0 --> E0 CY=0 AC=0 
CY=0 AC=0 E1 --> E1 CY=0 AC=0 
CY=1 AC=0 E1 --> E1 CY=0 AC=0 
CY=0 AC=1 E1 --> E1 CY=0 AC=0 
CY=1 AC=1 E1 --> E1 CY=0 AC=0 
CY=0 AC=0 E2 --> E2 CY=0 AC=0 
CY=1 AC=0 E2 --> E2 CY=0 AC=0 
CY=0 AC=1 E2 --> E2 CY=0 AC=0 
CY=1 AC=1 E2 --> E2 CY=0 AC=0 
CY=0 AC=0 E3 --> E3 CY=0 AC=0 
CY=1 AC=0 E3 --> E3 CY=0 AC=0 
CY=0 AC=1 E3 --> E3 CY=0 AC=0 
CY=1 AC=1 E3 --> E3 CY=0 AC=0 
CY=0 AC=0 E4 --> E4 CY=0 AC=0 
CY=1 AC=0 E4 --> E4 CY=0 AC=0 
CY=0 AC=1 E4 --> E4 CY=0 AC=0 
CY=1 AC=1 E4 --> E4 CY=0 AC=0 
CY=0 AC=0 E5 --> E5 CY=0 AC=0 
CY=1 AC=0 E5 --> E5 CY=0 AC=0 
CY=0 AC=1 E5 --> E5 CY=0 AC=0 
CY=1 AC=1 E5 --> E5 CY=0 AC=0 
CY=0 AC=0 E6 --> E6 CY=0 AC=0 
CY=1 AC=0 E6 --> E6 CY=0 AC=0 
CY=0 AC=1 E6 --> E6 CY=0 AC=0 
CY=1 AC=1 E6 --> E6 CY=0 AC=0 
CY=0 AC=0 E7 --> E7 CY=0 AC=0 
CY=1 AC=0 E7 --> E7 CY=0 AC=0 
CY=0 AC=1 E7 --> E7 CY=0 AC=0 
CY=1 AC=1 E7 --> E7 CY=0 AC=0 
CY=0 AC=0 E8 --> E8 CY=0 AC=0 
CY=1 AC=0 E8 --> E8 CY=0 AC=0 
CY=0 AC=1 E8 --> E8 CY=0 AC=0 
CY=1 AC=1 E8 --> E8 CY=0 AC=0 
CY=0 AC=0 E9 --> E9 CY=0 AC=0 
CY=1 AC=0 E9 --> E9 CY=0 AC=0 
CY=0 AC=1 E9 --> E9 CY=0 AC=0 
CY=1 AC=1 E9 --> E9 CY=0 AC=0 
CY=0 AC=0 EA --> EA CY=0 AC=0 
CY=1 AC=0 EA --> EA CY=0 AC=0 
CY=0 AC=1 EA --> EA CY=0 AC=0 
CY=1 AC=1 EA --> EA CY=0 AC=0 
CY=0 AC=0 EB --> EB CY=0 AC=0 
CY=1 AC=0 EB --> EB CY=0 AC=0 
CY=0 AC=1 EB --> EB CY=0 AC=0 
CY=1 AC=1 EB --> EB CY=0 AC=0 
CY=0 AC=0 EC --> EC CY=0 AC=0 
CY=1 AC=0 EC --> EC CY=0 AC=0 
CY=0 AC=1 EC --> EC CY=0 AC=0 
CY=1 AC=1 EC --> EC CY=0 AC=0 
CY=0 AC=0 ED --> ED CY=0 AC=0 
CY=1 AC=0 ED --> ED CY=0 AC=0 
CY=0 AC=1 ED --> ED CY=0 AC=0 
CY=1 AC=1 ED --> ED CY=0 AC=0 
CY=0 AC=0 EE --> EE CY=0 AC=0 
CY=1 AC=0 EE --> EE CY=0 AC=0 
CY=0 AC=1 EE --> EE CY=0 AC=0 
CY=1 AC=1 EE --> EE CY=0 AC=0 
CY=0 AC=0 EF --> EF CY=0 AC=0 
CY=1 AC=0 EF --> EF CY=0 AC=0 
CY=0 AC=1 EF --> EF CY=0 AC=0 
CY=1 AC=1 EF --> EF CY=0 AC=0 
CY=0 AC=0 F0 --> F0 CY=0 AC=0 
CY=1 AC=0 F0 --> F0 CY=0 AC=0 
CY=0 AC=1 F0 --> F0 CY=0 AC=0 
CY=1 AC=1 F0 --> F0 CY=0 AC=0 
CY=0 AC=0 F1 --> F1 CY=0 AC=0 
CY=1 AC=0 F1 --> F1 CY=0 AC=0 
CY=0 AC=1 F1 --> F1 CY=0 AC=0 
CY=1 AC=1 F1 --> F1 CY=0 AC=0 
CY=0 AC=0 F2 --> F2 CY=0 AC=0 
CY=1 AC=0 F2 --> F2 CY=0 AC=0 
CY=0 AC=1 F2 --> F2 CY=0 AC=0 
CY=1 AC=1 F2 --> F2 CY=0 AC=0 
CY=0 AC=0 F3 --> F3 CY=0 AC=0 
CY=1 AC=0 F3 --> F3 CY=0 AC=0 
CY=0 AC=1 F3 --> F3 CY=0 AC=0 
CY=1 AC=1 F3 --> F3 CY=0 AC=0 
CY=0 AC=0 F4 --> F4 CY=0 AC=0 
CY=1 AC=0 F4 --> F4 CY=0 AC=0 
CY=0 AC=1 F4 --> F4 CY=0 AC=0 
CY=1 AC=1 F4 --> F4 CY=0 AC=0 
CY=0 AC=0 F5 --> F5 CY=0 AC=0 
CY=1 AC=0 F5 --> F5 CY=0 AC=0 
CY=0 AC=1 F5 --> F5 CY=0 AC=0 
CY=1 AC=1 F5 --> F5 CY=0 AC=0 
CY=0 AC=0 F6 --> F6 CY=0 AC=0 
CY=1 AC=0 F6 --> F6 CY=0 AC=0 
CY=0 AC=1 F6 --> F6 CY=0 AC=0 
CY=1 AC=1 F6 --> F6 CY=0 AC=0 
CY=0 AC=0 F7 --> F7 CY=0 AC=0 
CY=1 AC=0 F7 --> F7 CY=0 AC=0 
CY=0 AC=1 F7 --> F7 CY=0 AC=0 
CY=1 AC=1 F7 --> F7 CY=0 AC=0 
CY=0 AC=0 F8 --> F8 CY=0 AC=0 
CY=1 AC=0 F8 --> F8 CY=0 AC=0 
CY=0 AC=1 F8 --> F8 CY=0 AC=0 
CY=1 AC=1 F8 --> F8 CY=0 AC=0 
CY=0 AC=0 F9 --> F9 CY=0 AC=0 
CY=1 AC=0 F9 --> F9 CY=0 AC=0 
CY=0 AC=1 F9 --> F9 CY=0 AC=0 
CY=1 AC=1 F9 --> F9 CY=0 AC=0 
CY=0 AC=0 FA --> FA CY=0 AC=0 
CY=1 AC=0 FA --> FA CY=0 AC=0 
CY=0 AC=1 FA --> FA CY=0 AC=0 
CY=1 AC=1 FA --> FA CY=0 AC=0 
CY=0 AC=0 FB --> FB CY=0 AC=0 
CY=1 AC=0 FB --> FB CY=0 AC=0 
CY=0 AC=1 FB --> FB CY=0 AC=0 
CY=1 AC=1 FB --> FB CY=0 AC=0 
CY=0 AC=0 FC --> FC CY=0 AC=0 
CY=1 AC=0 FC --> FC CY=0 AC=0 
CY=0 AC=1 FC --> FC CY=0 AC=0 
CY=1 AC=1 FC --> FC CY=0 AC=0 
CY=0 AC=0 FD --> FD CY=0 AC=0 
CY=1 AC=0 FD --> FD CY=0 AC=0 
CY=0 AC=1 FD --> FD CY=0 AC=0 
CY=1 AC=1 FD --> FD CY=0 AC=0 
CY=0 AC=0 FE --> FE CY=0 AC=0 
CY=1 AC=0 FE --> FE CY=0 AC=0 
CY=0 AC=1 FE --> FE CY=0 AC=0 
CY=1 AC=1 FE --> FE CY=0 AC=0 
CY=0 AC=0 FF --> FF CY=0 AC=0 
CY=1 AC=0 FF --> FF CY=0 AC=0 
CY=0 AC=1 FF --> FF CY=0 AC=0 
CY=1 AC=1 FF --> FF CY=0 AC=0 
